<?xml version="1.0" encoding="UTF-8"?>
<coverage generated="1666922052204" clover="3.2.0">
  <project timestamp="1666922052205" name="All files">
    <metrics statements="471" coveredstatements="415" conditionals="180" coveredconditionals="138" methods="124" coveredmethods="97" elements="775" coveredelements="650" complexity="0" loc="471" ncloc="471" packages="13" files="22" classes="22"/>
    <package name="src">
      <metrics statements="21" coveredstatements="21" conditionals="4" coveredconditionals="4" methods="4" coveredmethods="4"/>
      <file name="App.js" path="/Users/brian/All_My_Codes/COMP_531/HWs/hw5-Pedifax/src/App.js">
        <metrics statements="21" coveredstatements="21" conditionals="4" coveredconditionals="4" methods="4" coveredmethods="4"/>
        <line num="14" count="2" type="stmt"/>
        <line num="15" count="7" type="stmt"/>
        <line num="16" count="7" type="stmt"/>
        <line num="17" count="7" type="stmt"/>
        <line num="18" count="2" type="stmt"/>
        <line num="19" count="2" type="stmt"/>
        <line num="20" count="2" type="stmt"/>
        <line num="22" count="7" type="stmt"/>
        <line num="23" count="1" type="stmt"/>
        <line num="24" count="1" type="stmt"/>
        <line num="25" count="1" type="stmt"/>
        <line num="26" count="1" type="stmt"/>
        <line num="27" count="1" type="stmt"/>
        <line num="30" count="7" type="stmt"/>
        <line num="31" count="4" type="stmt"/>
        <line num="32" count="4" type="cond" truecount="2" falsecount="0"/>
        <line num="33" count="1" type="stmt"/>
        <line num="39" count="7" type="cond" truecount="2" falsecount="0"/>
        <line num="40" count="2" type="stmt"/>
        <line num="58" count="5" type="stmt"/>
        <line num="69" count="7" type="stmt"/>
      </file>
    </package>
    <package name="src.auth.pages">
      <metrics statements="72" coveredstatements="64" conditionals="41" coveredconditionals="35" methods="11" coveredmethods="11"/>
      <file name="Auth.js" path="/Users/brian/All_My_Codes/COMP_531/HWs/hw5-Pedifax/src/auth/pages/Auth.js">
        <metrics statements="72" coveredstatements="64" conditionals="41" coveredconditionals="35" methods="11" coveredmethods="11"/>
        <line num="10" count="2" type="stmt"/>
        <line num="12" count="2" type="stmt"/>
        <line num="13" count="107" type="stmt"/>
        <line num="14" count="107" type="stmt"/>
        <line num="15" count="107" type="stmt"/>
        <line num="16" count="107" type="stmt"/>
        <line num="17" count="107" type="stmt"/>
        <line num="18" count="107" type="stmt"/>
        <line num="19" count="107" type="stmt"/>
        <line num="20" count="107" type="stmt"/>
        <line num="22" count="107" type="stmt"/>
        <line num="23" count="9" type="stmt"/>
        <line num="24" count="9" type="stmt"/>
        <line num="25" count="9" type="stmt"/>
        <line num="28" count="2" type="stmt"/>
        <line num="31" count="9" type="stmt"/>
        <line num="34" count="107" type="stmt"/>
        <line num="35" count="9" type="stmt"/>
        <line num="36" count="9" type="stmt"/>
        <line num="37" count="9" type="stmt"/>
        <line num="41" count="2" type="stmt"/>
        <line num="44" count="9" type="stmt"/>
        <line num="47" count="107" type="stmt"/>
        <line num="100" count="107" type="stmt"/>
        <line num="101" count="4" type="cond" truecount="2" falsecount="0"/>
        <line num="103" count="1" type="stmt"/>
        <line num="104" count="1" type="stmt"/>
        <line num="116" count="1" type="stmt"/>
        <line num="117" count="1" type="stmt"/>
        <line num="121" count="3" type="stmt"/>
        <line num="127" count="3" type="stmt"/>
        <line num="129" count="4" type="stmt"/>
        <line num="131" count="4" type="stmt"/>
        <line num="139" count="107" type="stmt"/>
        <line num="140" count="10" type="stmt"/>
        <line num="141" count="1" type="cond" truecount="1" falsecount="1"/>
        <line num="142" count="0" type="stmt"/>
        <line num="144" count="1" type="stmt"/>
        <line num="147" count="107" type="stmt"/>
        <line num="148" count="3" type="stmt"/>
        <line num="150" count="3" type="stmt"/>
        <line num="153" count="3" type="cond" truecount="1" falsecount="1"/>
        <line num="156" count="3" type="cond" truecount="1" falsecount="1"/>
        <line num="163" count="0" type="stmt"/>
        <line num="169" count="0" type="stmt"/>
        <line num="170" count="0" type="stmt"/>
        <line num="171" count="0" type="stmt"/>
        <line num="173" count="3" type="stmt"/>
        <line num="174" count="3" type="stmt"/>
        <line num="178" count="3" type="stmt"/>
        <line num="181" count="3" type="cond" truecount="2" falsecount="0"/>
        <line num="182" count="2" type="stmt"/>
        <line num="188" count="2" type="stmt"/>
        <line num="190" count="20" type="cond" truecount="2" falsecount="0"/>
        <line num="194" count="2" type="cond" truecount="2" falsecount="0"/>
        <line num="195" count="1" type="stmt"/>
        <line num="199" count="1" type="stmt"/>
        <line num="204" count="1" type="stmt"/>
        <line num="208" count="1" type="stmt"/>
        <line num="209" count="1" type="stmt"/>
        <line num="212" count="2" type="stmt"/>
        <line num="216" count="1" type="cond" truecount="1" falsecount="1"/>
        <line num="217" count="1" type="stmt"/>
        <line num="222" count="1" type="stmt"/>
        <line num="223" count="1" type="cond" truecount="1" falsecount="1"/>
        <line num="224" count="0" type="stmt"/>
        <line num="225" count="0" type="stmt"/>
        <line num="226" count="0" type="stmt"/>
        <line num="229" count="1" type="stmt"/>
        <line num="246" count="1" type="stmt"/>
        <line num="248" count="1" type="stmt"/>
        <line num="258" count="107" type="stmt"/>
      </file>
    </package>
    <package name="src.main.components.followingBox">
      <metrics statements="57" coveredstatements="49" conditionals="14" coveredconditionals="5" methods="14" coveredmethods="13"/>
      <file name="AddFollowingBar.js" path="/Users/brian/All_My_Codes/COMP_531/HWs/hw5-Pedifax/src/main/components/followingBox/AddFollowingBar.js">
        <metrics statements="11" coveredstatements="11" conditionals="2" coveredconditionals="1" methods="4" coveredmethods="4"/>
        <line num="5" count="3" type="stmt"/>
        <line num="6" count="36" type="stmt"/>
        <line num="8" count="36" type="stmt"/>
        <line num="9" count="6" type="stmt"/>
        <line num="12" count="36" type="stmt"/>
        <line num="13" count="1" type="stmt"/>
        <line num="14" count="1" type="cond" truecount="1" falsecount="1"/>
        <line num="15" count="1" type="stmt"/>
        <line num="20" count="36" type="stmt"/>
        <line num="34" count="1" type="stmt"/>
        <line num="45" count="36" type="stmt"/>
      </file>
      <file name="FollowingArea.js" path="/Users/brian/All_My_Codes/COMP_531/HWs/hw5-Pedifax/src/main/components/followingBox/FollowingArea.js">
        <metrics statements="46" coveredstatements="38" conditionals="12" coveredconditionals="4" methods="10" coveredmethods="9"/>
        <line num="10" count="3" type="stmt"/>
        <line num="11" count="30" type="stmt"/>
        <line num="12" count="30" type="stmt"/>
        <line num="13" count="0" type="cond" truecount="0" falsecount="2"/>
        <line num="14" count="0" type="stmt"/>
        <line num="15" count="0" type="cond" truecount="0" falsecount="2"/>
        <line num="16" count="0" type="stmt"/>
        <line num="19" count="30" type="stmt"/>
        <line num="20" count="1" type="stmt"/>
        <line num="24" count="30" type="stmt"/>
        <line num="28" count="30" type="stmt"/>
        <line num="30" count="30" type="stmt"/>
        <line num="31" count="30" type="cond" truecount="1" falsecount="1"/>
        <line num="32" count="30" type="stmt"/>
        <line num="33" count="30" type="stmt"/>
        <line num="34" count="30" type="stmt"/>
        <line num="35" count="30" type="stmt"/>
        <line num="37" count="30" type="stmt"/>
        <line num="39" count="30" type="stmt"/>
        <line num="40" count="1" type="stmt"/>
        <line num="41" count="3" type="stmt"/>
        <line num="43" count="1" type="stmt"/>
        <line num="44" count="1" type="stmt"/>
        <line num="45" count="3" type="stmt"/>
        <line num="47" count="1" type="stmt"/>
        <line num="51" count="1" type="stmt"/>
        <line num="54" count="30" type="stmt"/>
        <line num="55" count="10" type="stmt"/>
        <line num="58" count="1" type="cond" truecount="1" falsecount="1"/>
        <line num="59" count="1" type="stmt"/>
        <line num="60" count="1" type="stmt"/>
        <line num="61" count="1" type="stmt"/>
        <line num="64" count="1" type="cond" truecount="1" falsecount="1"/>
        <line num="65" count="0" type="stmt"/>
        <line num="66" count="0" type="stmt"/>
        <line num="69" count="1" type="stmt"/>
        <line num="70" count="1" type="stmt"/>
        <line num="72" count="1" type="stmt"/>
        <line num="73" count="1" type="stmt"/>
        <line num="80" count="1" type="stmt"/>
        <line num="81" count="1" type="stmt"/>
        <line num="82" count="1" type="stmt"/>
        <line num="85" count="0" type="stmt"/>
        <line num="86" count="0" type="stmt"/>
        <line num="90" count="30" type="stmt"/>
        <line num="103" count="90" type="stmt"/>
      </file>
    </package>
    <package name="src.main.components.posts">
      <metrics statements="44" coveredstatements="41" conditionals="12" coveredconditionals="11" methods="17" coveredmethods="12"/>
      <file name="NewArticle.js" path="/Users/brian/All_My_Codes/COMP_531/HWs/hw5-Pedifax/src/main/components/posts/NewArticle.js">
        <metrics statements="29" coveredstatements="26" conditionals="2" coveredconditionals="1" methods="9" coveredmethods="6"/>
        <line num="4" count="3" type="stmt"/>
        <line num="5" count="1" type="stmt"/>
        <line num="8" count="3" type="stmt"/>
        <line num="9" count="145" type="stmt"/>
        <line num="10" count="145" type="stmt"/>
        <line num="11" count="90" type="stmt"/>
        <line num="13" count="145" type="stmt"/>
        <line num="14" count="145" type="stmt"/>
        <line num="15" count="25" type="stmt"/>
        <line num="18" count="145" type="stmt"/>
        <line num="19" count="145" type="stmt"/>
        <line num="20" count="0" type="stmt"/>
        <line num="23" count="145" type="stmt"/>
        <line num="24" count="145" type="stmt"/>
        <line num="25" count="0" type="stmt"/>
        <line num="28" count="145" type="stmt"/>
        <line num="30" count="1" type="stmt"/>
        <line num="31" count="1" type="stmt"/>
        <line num="34" count="145" type="stmt"/>
        <line num="35" count="1" type="stmt"/>
        <line num="36" count="1" type="cond" truecount="1" falsecount="1"/>
        <line num="37" count="0" type="stmt"/>
        <line num="40" count="1" type="stmt"/>
        <line num="41" count="1" type="stmt"/>
        <line num="42" count="1" type="stmt"/>
        <line num="44" count="1" type="stmt"/>
        <line num="55" count="1" type="stmt"/>
        <line num="56" count="1" type="stmt"/>
        <line num="59" count="145" type="stmt"/>
      </file>
      <file name="PostItem.js" path="/Users/brian/All_My_Codes/COMP_531/HWs/hw5-Pedifax/src/main/components/posts/PostItem.js">
        <metrics statements="10" coveredstatements="10" conditionals="6" coveredconditionals="6" methods="6" coveredmethods="4"/>
        <line num="5" count="3" type="stmt"/>
        <line num="6" count="572" type="stmt"/>
        <line num="7" count="572" type="stmt"/>
        <line num="8" count="1" type="stmt"/>
        <line num="11" count="572" type="stmt"/>
        <line num="14" count="572" type="stmt"/>
        <line num="18" count="572" type="stmt"/>
        <line num="20" count="572" type="stmt"/>
        <line num="104" count="3" type="stmt"/>
        <line num="105" count="571" type="stmt"/>
      </file>
      <file name="PostList.js" path="/Users/brian/All_My_Codes/COMP_531/HWs/hw5-Pedifax/src/main/components/posts/PostList.js">
        <metrics statements="5" coveredstatements="5" conditionals="4" coveredconditionals="4" methods="2" coveredmethods="2"/>
        <line num="5" count="3" type="stmt"/>
        <line num="6" count="30" type="cond" truecount="2" falsecount="0"/>
        <line num="7" count="9" type="stmt"/>
        <line num="16" count="21" type="stmt"/>
        <line num="20" count="571" type="stmt"/>
      </file>
    </package>
    <package name="src.main.components.searchBar">
      <metrics statements="7" coveredstatements="7" conditionals="0" coveredconditionals="0" methods="2" coveredmethods="2"/>
      <file name="SearchBar.js" path="/Users/brian/All_My_Codes/COMP_531/HWs/hw5-Pedifax/src/main/components/searchBar/SearchBar.js">
        <metrics statements="7" coveredstatements="7" conditionals="0" coveredconditionals="0" methods="2" coveredmethods="2"/>
        <line num="4" count="3" type="stmt"/>
        <line num="5" count="30" type="stmt"/>
        <line num="7" count="30" type="stmt"/>
        <line num="9" count="9" type="stmt"/>
        <line num="10" count="9" type="stmt"/>
        <line num="14" count="30" type="stmt"/>
        <line num="31" count="30" type="stmt"/>
      </file>
    </package>
    <package name="src.main.pages">
      <metrics statements="69" coveredstatements="63" conditionals="22" coveredconditionals="18" methods="12" coveredmethods="11"/>
      <file name="Feed.js" path="/Users/brian/All_My_Codes/COMP_531/HWs/hw5-Pedifax/src/main/pages/Feed.js">
        <metrics statements="69" coveredstatements="63" conditionals="22" coveredconditionals="18" methods="12" coveredmethods="11"/>
        <line num="9" count="3" type="stmt"/>
        <line num="10" count="3251" type="cond" truecount="2" falsecount="0"/>
        <line num="11" count="1502" type="stmt"/>
        <line num="13" count="1749" type="cond" truecount="1" falsecount="1"/>
        <line num="14" count="1749" type="stmt"/>
        <line num="16" count="0" type="stmt"/>
        <line num="19" count="3" type="stmt"/>
        <line num="20" count="600" type="stmt"/>
        <line num="21" count="1830" type="stmt"/>
        <line num="23" count="600" type="stmt"/>
        <line num="26" count="3" type="stmt"/>
        <line num="27" count="30" type="stmt"/>
        <line num="28" count="30" type="stmt"/>
        <line num="31" count="30" type="stmt"/>
        <line num="34" count="30" type="stmt"/>
        <line num="35" count="30" type="cond" truecount="2" falsecount="0"/>
        <line num="36" count="2" type="cond" truecount="1" falsecount="1"/>
        <line num="37" count="2" type="stmt"/>
        <line num="42" count="30" type="stmt"/>
        <line num="44" count="30" type="stmt"/>
        <line num="47" count="9" type="stmt"/>
        <line num="48" count="9" type="cond" truecount="1" falsecount="1"/>
        <line num="49" count="9" type="stmt"/>
        <line num="50" count="9" type="stmt"/>
        <line num="51" count="9" type="stmt"/>
        <line num="53" count="9" type="stmt"/>
        <line num="60" count="30" type="stmt"/>
        <line num="61" count="20" type="stmt"/>
        <line num="63" count="20" type="stmt"/>
        <line num="68" count="20" type="stmt"/>
        <line num="70" count="20" type="stmt"/>
        <line num="71" count="2000" type="cond" truecount="2" falsecount="0"/>
        <line num="75" count="800" type="stmt"/>
        <line num="76" count="800" type="stmt"/>
        <line num="77" count="800" type="stmt"/>
        <line num="78" count="800" type="stmt"/>
        <line num="79" count="800" type="cond" truecount="2" falsecount="0"/>
        <line num="80" count="200" type="stmt"/>
        <line num="82" count="600" type="stmt"/>
        <line num="84" count="800" type="stmt"/>
        <line num="89" count="20" type="stmt"/>
        <line num="93" count="20" type="stmt"/>
        <line num="94" count="20" type="stmt"/>
        <line num="95" count="20" type="stmt"/>
        <line num="99" count="30" type="stmt"/>
        <line num="100" count="9" type="stmt"/>
        <line num="104" count="30" type="stmt"/>
        <line num="106" count="1" type="stmt"/>
        <line num="109" count="30" type="stmt"/>
        <line num="111" count="1" type="stmt"/>
        <line num="115" count="30" type="stmt"/>
        <line num="116" count="9" type="stmt"/>
        <line num="121" count="9" type="cond" truecount="1" falsecount="1"/>
        <line num="122" count="9" type="stmt"/>
        <line num="123" count="9" type="stmt"/>
        <line num="124" count="360" type="cond" truecount="2" falsecount="0"/>
        <line num="128" count="90" type="stmt"/>
        <line num="131" count="9" type="stmt"/>
        <line num="136" count="0" type="stmt"/>
        <line num="140" count="30" type="stmt"/>
        <line num="143" count="1" type="stmt"/>
        <line num="144" count="1" type="stmt"/>
        <line num="145" count="1" type="stmt"/>
        <line num="151" count="30" type="stmt"/>
        <line num="152" count="0" type="stmt"/>
        <line num="160" count="0" type="stmt"/>
        <line num="165" count="0" type="stmt"/>
        <line num="168" count="0" type="stmt"/>
        <line num="174" count="30" type="stmt"/>
      </file>
    </package>
    <package name="src.profile.pages">
      <metrics statements="69" coveredstatements="61" conditionals="38" coveredconditionals="34" methods="28" coveredmethods="23"/>
      <file name="Profile.js" path="/Users/brian/All_My_Codes/COMP_531/HWs/hw5-Pedifax/src/profile/pages/Profile.js">
        <metrics statements="69" coveredstatements="61" conditionals="38" coveredconditionals="34" methods="28" coveredmethods="23"/>
        <line num="17" count="3" type="stmt"/>
        <line num="19" count="3" type="stmt"/>
        <line num="20" count="3" type="stmt"/>
        <line num="21" count="3" type="stmt"/>
        <line num="22" count="3" type="stmt"/>
        <line num="24" count="3" type="stmt"/>
        <line num="26" count="87" type="stmt"/>
        <line num="27" count="87" type="stmt"/>
        <line num="35" count="87" type="stmt"/>
        <line num="40" count="87" type="stmt"/>
        <line num="42" count="3" type="stmt"/>
        <line num="45" count="87" type="stmt"/>
        <line num="47" count="87" type="stmt"/>
        <line num="48" count="0" type="stmt"/>
        <line num="49" count="0" type="stmt"/>
        <line num="50" count="0" type="stmt"/>
        <line num="51" count="0" type="cond" truecount="0" falsecount="2"/>
        <line num="52" count="0" type="stmt"/>
        <line num="54" count="0" type="stmt"/>
        <line num="61" count="87" type="stmt"/>
        <line num="62" count="7" type="stmt"/>
        <line num="63" count="7" type="stmt"/>
        <line num="68" count="7" type="cond" truecount="2" falsecount="0"/>
        <line num="69" count="6" type="stmt"/>
        <line num="71" count="1" type="stmt"/>
        <line num="78" count="87" type="stmt"/>
        <line num="79" count="6" type="stmt"/>
        <line num="80" count="6" type="stmt"/>
        <line num="85" count="6" type="cond" truecount="1" falsecount="1"/>
        <line num="86" count="6" type="stmt"/>
        <line num="91" count="0" type="stmt"/>
        <line num="98" count="87" type="stmt"/>
        <line num="99" count="28" type="stmt"/>
        <line num="100" count="28" type="stmt"/>
        <line num="101" count="28" type="cond" truecount="2" falsecount="0"/>
        <line num="102" count="6" type="stmt"/>
        <line num="104" count="22" type="stmt"/>
        <line num="111" count="87" type="stmt"/>
        <line num="112" count="26" type="stmt"/>
        <line num="113" count="26" type="stmt"/>
        <line num="115" count="26" type="cond" truecount="2" falsecount="0"/>
        <line num="116" count="2" type="stmt"/>
        <line num="118" count="24" type="stmt"/>
        <line num="125" count="87" type="stmt"/>
        <line num="126" count="12" type="stmt"/>
        <line num="127" count="12" type="stmt"/>
        <line num="132" count="12" type="cond" truecount="2" falsecount="0"/>
        <line num="133" count="2" type="stmt"/>
        <line num="135" count="10" type="stmt"/>
        <line num="153" count="87" type="stmt"/>
        <line num="154" count="2" type="stmt"/>
        <line num="158" count="2" type="stmt"/>
        <line num="162" count="2" type="stmt"/>
        <line num="166" count="2" type="stmt"/>
        <line num="174" count="2" type="stmt"/>
        <line num="175" count="2" type="stmt"/>
        <line num="176" count="2" type="stmt"/>
        <line num="177" count="2" type="stmt"/>
        <line num="180" count="2" type="stmt"/>
        <line num="181" count="12" type="cond" truecount="2" falsecount="0"/>
        <line num="182" count="12" type="cond" truecount="1" falsecount="1"/>
        <line num="183" count="0" type="stmt"/>
        <line num="187" count="2" type="cond" truecount="2" falsecount="0"/>
        <line num="188" count="1" type="stmt"/>
        <line num="189" count="1" type="stmt"/>
        <line num="193" count="2" type="cond" truecount="2" falsecount="0"/>
        <line num="195" count="1" type="stmt"/>
        <line num="200" count="2" type="stmt"/>
        <line num="206" count="87" type="stmt"/>
      </file>
    </package>
    <package name="src.shared.components.UIs">
      <metrics statements="15" coveredstatements="12" conditionals="8" coveredconditionals="5" methods="2" coveredmethods="1"/>
      <file name="BlackBackground.js" path="/Users/brian/All_My_Codes/COMP_531/HWs/hw5-Pedifax/src/shared/components/UIs/BlackBackground.js">
        <metrics statements="3" coveredstatements="1" conditionals="0" coveredconditionals="0" methods="1" coveredmethods="0"/>
        <line num="4" count="2" type="stmt"/>
        <line num="6" count="0" type="stmt"/>
        <line num="12" count="0" type="stmt"/>
      </file>
      <file name="Button.css" path="/Users/brian/All_My_Codes/COMP_531/HWs/hw5-Pedifax/src/shared/components/UIs/Button.css">
        <metrics statements="1" coveredstatements="1" conditionals="0" coveredconditionals="0" methods="0" coveredmethods="0"/>
        <line num="1" count="4" type="stmt"/>
      </file>
      <file name="Button.js" path="/Users/brian/All_My_Codes/COMP_531/HWs/hw5-Pedifax/src/shared/components/UIs/Button.js">
        <metrics statements="11" coveredstatements="10" conditionals="8" coveredconditionals="5" methods="1" coveredmethods="1"/>
        <line num="9" count="4" type="stmt"/>
        <line num="10" count="2461" type="stmt"/>
        <line num="18" count="2461" type="cond" truecount="4" falsecount="0"/>
        <line num="20" count="807" type="stmt"/>
        <line num="22" count="807" type="stmt"/>
        <line num="25" count="717" type="stmt"/>
        <line num="27" count="717" type="stmt"/>
        <line num="29" count="937" type="stmt"/>
        <line num="34" count="2461" type="cond" truecount="1" falsecount="1"/>
        <line num="35" count="0" type="stmt"/>
        <line num="43" count="2461" type="stmt"/>
      </file>
    </package>
    <package name="src.shared.components.UserCard">
      <metrics statements="37" coveredstatements="28" conditionals="6" coveredconditionals="2" methods="9" coveredmethods="4"/>
      <file name="FollowingCard.js" path="/Users/brian/All_My_Codes/COMP_531/HWs/hw5-Pedifax/src/shared/components/UserCard/FollowingCard.js">
        <metrics statements="6" coveredstatements="6" conditionals="0" coveredconditionals="0" methods="2" coveredmethods="2"/>
        <line num="5" count="3" type="stmt"/>
        <line num="6" count="90" type="stmt"/>
        <line num="7" count="90" type="stmt"/>
        <line num="10" count="90" type="stmt"/>
        <line num="30" count="1" type="stmt"/>
        <line num="41" count="90" type="stmt"/>
      </file>
      <file name="UserCard.js" path="/Users/brian/All_My_Codes/COMP_531/HWs/hw5-Pedifax/src/shared/components/UserCard/UserCard.js">
        <metrics statements="15" coveredstatements="10" conditionals="4" coveredconditionals="1" methods="3" coveredmethods="1"/>
        <line num="5" count="3" type="stmt"/>
        <line num="6" count="30" type="cond" truecount="1" falsecount="1"/>
        <line num="7" count="30" type="stmt"/>
        <line num="8" count="30" type="stmt"/>
        <line num="9" count="30" type="stmt"/>
        <line num="10" count="0" type="stmt"/>
        <line num="12" count="30" type="stmt"/>
        <line num="13" count="0" type="cond" truecount="0" falsecount="2"/>
        <line num="14" count="0" type="stmt"/>
        <line num="15" count="0" type="stmt"/>
        <line num="16" count="0" type="stmt"/>
        <line num="20" count="30" type="stmt"/>
        <line num="21" count="30" type="stmt"/>
        <line num="24" count="30" type="stmt"/>
        <line num="59" count="30" type="stmt"/>
      </file>
      <file name="UserCardForUpdate.js" path="/Users/brian/All_My_Codes/COMP_531/HWs/hw5-Pedifax/src/shared/components/UserCard/UserCardForUpdate.js">
        <metrics statements="16" coveredstatements="12" conditionals="2" coveredconditionals="1" methods="4" coveredmethods="1"/>
        <line num="5" count="3" type="stmt"/>
        <line num="6" count="87" type="cond" truecount="1" falsecount="1"/>
        <line num="7" count="87" type="stmt"/>
        <line num="8" count="87" type="stmt"/>
        <line num="9" count="87" type="stmt"/>
        <line num="10" count="0" type="stmt"/>
        <line num="12" count="87" type="stmt"/>
        <line num="13" count="0" type="stmt"/>
        <line num="14" count="0" type="stmt"/>
        <line num="17" count="87" type="stmt"/>
        <line num="18" count="87" type="stmt"/>
        <line num="19" count="0" type="stmt"/>
        <line num="22" count="87" type="stmt"/>
        <line num="23" count="87" type="stmt"/>
        <line num="26" count="87" type="stmt"/>
        <line num="72" count="87" type="stmt"/>
      </file>
    </package>
    <package name="src.shared.components.form">
      <metrics statements="20" coveredstatements="19" conditionals="11" coveredconditionals="6" methods="5" coveredmethods="5"/>
      <file name="Input.js" path="/Users/brian/All_My_Codes/COMP_531/HWs/hw5-Pedifax/src/shared/components/form/Input.js">
        <metrics statements="20" coveredstatements="19" conditionals="11" coveredconditionals="6" methods="5" coveredmethods="5"/>
        <line num="21" count="2" type="stmt"/>
        <line num="23" count="2" type="stmt"/>
        <line num="24" count="2" type="stmt"/>
        <line num="26" count="2" type="stmt"/>
        <line num="27" count="90" type="cond" truecount="2" falsecount="1"/>
        <line num="29" count="80" type="stmt"/>
        <line num="36" count="10" type="stmt"/>
        <line num="41" count="0" type="stmt"/>
        <line num="46" count="2" type="stmt"/>
        <line num="47" count="502" type="stmt"/>
        <line num="59" count="502" type="stmt"/>
        <line num="60" count="502" type="stmt"/>
        <line num="63" count="502" type="stmt"/>
        <line num="64" count="110" type="stmt"/>
        <line num="67" count="502" type="stmt"/>
        <line num="68" count="80" type="stmt"/>
        <line num="75" count="502" type="stmt"/>
        <line num="76" count="10" type="stmt"/>
        <line num="82" count="502" type="cond" truecount="1" falsecount="1"/>
        <line num="105" count="502" type="stmt"/>
      </file>
    </package>
    <package name="src.shared.components.navigations">
      <metrics statements="13" coveredstatements="7" conditionals="8" coveredconditionals="4" methods="5" coveredmethods="1"/>
      <file name="NavigationBar.js" path="/Users/brian/All_My_Codes/COMP_531/HWs/hw5-Pedifax/src/shared/components/navigations/NavigationBar.js">
        <metrics statements="8" coveredstatements="6" conditionals="6" coveredconditionals="4" methods="3" coveredmethods="1"/>
        <line num="8" count="2" type="stmt"/>
        <line num="9" count="7" type="stmt"/>
        <line num="10" count="7" type="stmt"/>
        <line num="12" count="7" type="stmt"/>
        <line num="13" count="0" type="stmt"/>
        <line num="16" count="7" type="stmt"/>
        <line num="17" count="0" type="stmt"/>
        <line num="20" count="7" type="stmt"/>
      </file>
      <file name="SideDrawer.js" path="/Users/brian/All_My_Codes/COMP_531/HWs/hw5-Pedifax/src/shared/components/navigations/SideDrawer.js">
        <metrics statements="5" coveredstatements="1" conditionals="2" coveredconditionals="0" methods="2" coveredmethods="0"/>
        <line num="6" count="2" type="stmt"/>
        <line num="7" count="0" type="stmt"/>
        <line num="10" count="0" type="stmt"/>
        <line num="74" count="0" type="stmt"/>
        <line num="87" count="0" type="stmt"/>
      </file>
    </package>
    <package name="src.shared.context">
      <metrics statements="2" coveredstatements="1" conditionals="0" coveredconditionals="0" methods="4" coveredmethods="0"/>
      <file name="app-context.js" path="/Users/brian/All_My_Codes/COMP_531/HWs/hw5-Pedifax/src/shared/context/app-context.js">
        <metrics statements="2" coveredstatements="1" conditionals="0" coveredconditionals="0" methods="4" coveredmethods="0"/>
        <line num="3" count="2" type="stmt"/>
        <line num="9" count="0" type="stmt"/>
      </file>
    </package>
    <package name="src.shared.hooks">
      <metrics statements="45" coveredstatements="42" conditionals="16" coveredconditionals="14" methods="11" coveredmethods="10"/>
      <file name="form-state-hook.js" path="/Users/brian/All_My_Codes/COMP_531/HWs/hw5-Pedifax/src/shared/hooks/form-state-hook.js">
        <metrics statements="19" coveredstatements="18" conditionals="11" coveredconditionals="10" methods="4" coveredmethods="4"/>
        <line num="3" count="2" type="stmt"/>
        <line num="4" count="112" type="cond" truecount="2" falsecount="1"/>
        <line num="6" count="108" type="stmt"/>
        <line num="7" count="108" type="stmt"/>
        <line num="11" count="648" type="cond" truecount="2" falsecount="0"/>
        <line num="12" count="242" type="stmt"/>
        <line num="14" count="406" type="cond" truecount="2" falsecount="0"/>
        <line num="16" count="96" type="cond" truecount="2" falsecount="0"/>
        <line num="18" count="310" type="cond" truecount="2" falsecount="0"/>
        <line num="21" count="108" type="stmt"/>
        <line num="31" count="4" type="stmt"/>
        <line num="36" count="0" type="stmt"/>
        <line num="40" count="2" type="stmt"/>
        <line num="41" count="107" type="stmt"/>
        <line num="49" count="107" type="stmt"/>
        <line num="50" count="4" type="stmt"/>
        <line num="57" count="107" type="stmt"/>
        <line num="58" count="110" type="stmt"/>
        <line num="76" count="107" type="stmt"/>
      </file>
      <file name="http-request-hook.js" path="/Users/brian/All_My_Codes/COMP_531/HWs/hw5-Pedifax/src/shared/hooks/http-request-hook.js">
        <metrics statements="26" coveredstatements="24" conditionals="5" coveredconditionals="4" methods="7" coveredmethods="6"/>
        <line num="3" count="2" type="stmt"/>
        <line num="4" count="107" type="stmt"/>
        <line num="5" count="107" type="stmt"/>
        <line num="7" count="107" type="stmt"/>
        <line num="9" count="107" type="stmt"/>
        <line num="11" count="18" type="stmt"/>
        <line num="12" count="18" type="stmt"/>
        <line num="13" count="18" type="stmt"/>
        <line num="15" count="18" type="stmt"/>
        <line num="16" count="18" type="stmt"/>
        <line num="23" count="4" type="stmt"/>
        <line num="26" count="4" type="stmt"/>
        <line num="27" count="6" type="stmt"/>
        <line num="30" count="4" type="cond" truecount="1" falsecount="1"/>
        <line num="31" count="0" type="stmt"/>
        <line num="34" count="4" type="stmt"/>
        <line num="35" count="4" type="stmt"/>
        <line num="37" count="12" type="stmt"/>
        <line num="38" count="12" type="stmt"/>
        <line num="39" count="12" type="stmt"/>
        <line num="46" count="107" type="stmt"/>
        <line num="47" count="0" type="stmt"/>
        <line num="50" count="107" type="stmt"/>
        <line num="51" count="9" type="stmt"/>
        <line num="52" count="14" type="stmt"/>
        <line num="56" count="107" type="stmt"/>
      </file>
    </package>
  </project>
</coverage>
