{"/Users/brian/All_My_Codes/COMP_531/HWs/hw5-Pedifax/src/App.js": {"path":"/Users/brian/All_My_Codes/COMP_531/HWs/hw5-Pedifax/src/App.js","statementMap":{"0":{"start":{"line":14,"column":12},"end":{"line":84,"column":1}},"1":{"start":{"line":15,"column":38},"end":{"line":15,"column":53}},"2":{"start":{"line":16,"column":42},"end":{"line":16,"column":56}},"3":{"start":{"line":17,"column":16},"end":{"line":21,"column":8}},"4":{"start":{"line":18,"column":4},"end":{"line":18,"column":24}},"5":{"start":{"line":19,"column":4},"end":{"line":19,"column":28}},"6":{"start":{"line":20,"column":4},"end":{"line":20,"column":73}},"7":{"start":{"line":22,"column":17},"end":{"line":28,"column":8}},"8":{"start":{"line":23,"column":4},"end":{"line":23,"column":25}},"9":{"start":{"line":24,"column":4},"end":{"line":24,"column":26}},"10":{"start":{"line":25,"column":26},"end":{"line":25,"column":65}},"11":{"start":{"line":26,"column":4},"end":{"line":26,"column":25}},"12":{"start":{"line":27,"column":4},"end":{"line":27,"column":61}},"13":{"start":{"line":30,"column":2},"end":{"line":35,"column":14}},"14":{"start":{"line":31,"column":23},"end":{"line":31,"column":71}},"15":{"start":{"line":32,"column":4},"end":{"line":34,"column":5}},"16":{"start":{"line":33,"column":6},"end":{"line":33,"column":29}},"17":{"start":{"line":39,"column":2},"end":{"line":67,"column":3}},"18":{"start":{"line":40,"column":4},"end":{"line":56,"column":6}},"19":{"start":{"line":58,"column":4},"end":{"line":66,"column":6}},"20":{"start":{"line":69,"column":2},"end":{"line":83,"column":4}}},"fnMap":{"0":{"name":"(anonymous_0)","decl":{"start":{"line":14,"column":12},"end":{"line":14,"column":13}},"loc":{"start":{"line":14,"column":18},"end":{"line":84,"column":1}},"line":14},"1":{"name":"(anonymous_1)","decl":{"start":{"line":17,"column":28},"end":{"line":17,"column":29}},"loc":{"start":{"line":17,"column":40},"end":{"line":21,"column":3}},"line":17},"2":{"name":"(anonymous_2)","decl":{"start":{"line":22,"column":29},"end":{"line":22,"column":30}},"loc":{"start":{"line":22,"column":35},"end":{"line":28,"column":3}},"line":22},"3":{"name":"(anonymous_3)","decl":{"start":{"line":30,"column":12},"end":{"line":30,"column":13}},"loc":{"start":{"line":30,"column":18},"end":{"line":35,"column":3}},"line":30}},"branchMap":{"0":{"loc":{"start":{"line":32,"column":4},"end":{"line":34,"column":5}},"type":"if","locations":[{"start":{"line":32,"column":4},"end":{"line":34,"column":5}},{"start":{},"end":{}}],"line":32},"1":{"loc":{"start":{"line":39,"column":2},"end":{"line":67,"column":3}},"type":"if","locations":[{"start":{"line":39,"column":2},"end":{"line":67,"column":3}},{"start":{"line":57,"column":9},"end":{"line":67,"column":3}}],"line":39}},"s":{"0":2,"1":7,"2":7,"3":7,"4":2,"5":2,"6":2,"7":7,"8":1,"9":1,"10":1,"11":1,"12":1,"13":7,"14":4,"15":4,"16":1,"17":7,"18":2,"19":5,"20":7},"f":{"0":7,"1":2,"2":1,"3":4},"b":{"0":[1,3],"1":[2,5]},"_coverageSchema":"1a1c01bbd47fc00a2c39e90264f33305004495a9","hash":"fddd07d5a346bd067d750b5b45e488f0d93b03af"}
,"/Users/brian/All_My_Codes/COMP_531/HWs/hw5-Pedifax/src/auth/pages/Auth.js": {"path":"/Users/brian/All_My_Codes/COMP_531/HWs/hw5-Pedifax/src/auth/pages/Auth.js","statementMap":{"0":{"start":{"line":10,"column":25},"end":{"line":10,"column":64}},"1":{"start":{"line":12,"column":13},"end":{"line":377,"column":1}},"2":{"start":{"line":13,"column":56},"end":{"line":13,"column":72}},"3":{"start":{"line":14,"column":51},"end":{"line":14,"column":66}},"4":{"start":{"line":15,"column":43},"end":{"line":15,"column":58}},"5":{"start":{"line":16,"column":49},"end":{"line":16,"column":64}},"6":{"start":{"line":17,"column":45},"end":{"line":17,"column":55}},"7":{"start":{"line":18,"column":42},"end":{"line":18,"column":56}},"8":{"start":{"line":19,"column":22},"end":{"line":19,"column":44}},"9":{"start":{"line":20,"column":18},"end":{"line":20,"column":30}},"10":{"start":{"line":22,"column":2},"end":{"line":32,"column":20}},"11":{"start":{"line":23,"column":22},"end":{"line":30,"column":5}},"12":{"start":{"line":24,"column":6},"end":{"line":29,"column":22}},"13":{"start":{"line":25,"column":29},"end":{"line":27,"column":9}},"14":{"start":{"line":28,"column":8},"end":{"line":28,"column":68}},"15":{"start":{"line":31,"column":4},"end":{"line":31,"column":16}},"16":{"start":{"line":34,"column":2},"end":{"line":45,"column":20}},"17":{"start":{"line":35,"column":23},"end":{"line":43,"column":5}},"18":{"start":{"line":36,"column":6},"end":{"line":42,"column":22}},"19":{"start":{"line":37,"column":29},"end":{"line":39,"column":9}},"20":{"start":{"line":41,"column":8},"end":{"line":41,"column":68}},"21":{"start":{"line":44,"column":4},"end":{"line":44,"column":17}},"22":{"start":{"line":47,"column":45},"end":{"line":63,"column":3}},"23":{"start":{"line":100,"column":28},"end":{"line":132,"column":3}},"24":{"start":{"line":101,"column":4},"end":{"line":128,"column":5}},"25":{"start":{"line":103,"column":36},"end":{"line":103,"column":59}},"26":{"start":{"line":104,"column":6},"end":{"line":115,"column":8}},"27":{"start":{"line":116,"column":6},"end":{"line":116,"column":33}},"28":{"start":{"line":117,"column":6},"end":{"line":117,"column":32}},"29":{"start":{"line":121,"column":6},"end":{"line":126,"column":8}},"30":{"start":{"line":127,"column":6},"end":{"line":127,"column":33}},"31":{"start":{"line":129,"column":4},"end":{"line":129,"column":27}},"32":{"start":{"line":131,"column":4},"end":{"line":131,"column":46}},"33":{"start":{"line":131,"column":34},"end":{"line":131,"column":44}},"34":{"start":{"line":139,"column":29},"end":{"line":145,"column":3}},"35":{"start":{"line":140,"column":18},"end":{"line":140,"column":72}},"36":{"start":{"line":140,"column":41},"end":{"line":140,"column":71}},"37":{"start":{"line":141,"column":4},"end":{"line":143,"column":5}},"38":{"start":{"line":142,"column":6},"end":{"line":142,"column":19}},"39":{"start":{"line":144,"column":4},"end":{"line":144,"column":16}},"40":{"start":{"line":147,"column":28},"end":{"line":256,"column":3}},"41":{"start":{"line":148,"column":4},"end":{"line":148,"column":27}},"42":{"start":{"line":150,"column":33},"end":{"line":152,"column":5}},"43":{"start":{"line":153,"column":4},"end":{"line":153,"column":53}},"44":{"start":{"line":153,"column":46},"end":{"line":153,"column":53}},"45":{"start":{"line":156,"column":4},"end":{"line":175,"column":5}},"46":{"start":{"line":163,"column":6},"end":{"line":168,"column":8}},"47":{"start":{"line":169,"column":6},"end":{"line":169,"column":67}},"48":{"start":{"line":170,"column":6},"end":{"line":170,"column":32}},"49":{"start":{"line":171,"column":6},"end":{"line":171,"column":13}},"50":{"start":{"line":173,"column":6},"end":{"line":173,"column":27}},"51":{"start":{"line":174,"column":6},"end":{"line":174,"column":33}},"52":{"start":{"line":178,"column":16},"end":{"line":178,"column":57}},"53":{"start":{"line":181,"column":4},"end":{"line":213,"column":5}},"54":{"start":{"line":182,"column":33},"end":{"line":184,"column":7}},"55":{"start":{"line":188,"column":20},"end":{"line":192,"column":7}},"56":{"start":{"line":190,"column":10},"end":{"line":191,"column":69}},"57":{"start":{"line":194,"column":6},"end":{"line":211,"column":7}},"58":{"start":{"line":195,"column":27},"end":{"line":195,"column":37}},"59":{"start":{"line":199,"column":8},"end":{"line":199,"column":71}},"60":{"start":{"line":204,"column":8},"end":{"line":204,"column":43}},"61":{"start":{"line":208,"column":8},"end":{"line":208,"column":30}},"62":{"start":{"line":209,"column":8},"end":{"line":209,"column":46}},"63":{"start":{"line":212,"column":6},"end":{"line":212,"column":13}},"64":{"start":{"line":216,"column":4},"end":{"line":255,"column":5}},"65":{"start":{"line":217,"column":33},"end":{"line":219,"column":7}},"66":{"start":{"line":222,"column":25},"end":{"line":222,"column":60}},"67":{"start":{"line":223,"column":6},"end":{"line":227,"column":7}},"68":{"start":{"line":224,"column":8},"end":{"line":224,"column":33}},"69":{"start":{"line":225,"column":8},"end":{"line":225,"column":59}},"70":{"start":{"line":226,"column":8},"end":{"line":226,"column":15}},"71":{"start":{"line":229,"column":27},"end":{"line":241,"column":7}},"72":{"start":{"line":246,"column":6},"end":{"line":246,"column":28}},"73":{"start":{"line":248,"column":6},"end":{"line":248,"column":69}},"74":{"start":{"line":258,"column":2},"end":{"line":376,"column":4}}},"fnMap":{"0":{"name":"(anonymous_0)","decl":{"start":{"line":12,"column":13},"end":{"line":12,"column":14}},"loc":{"start":{"line":12,"column":19},"end":{"line":377,"column":1}},"line":12},"1":{"name":"(anonymous_1)","decl":{"start":{"line":22,"column":12},"end":{"line":22,"column":13}},"loc":{"start":{"line":22,"column":18},"end":{"line":32,"column":3}},"line":22},"2":{"name":"(anonymous_2)","decl":{"start":{"line":23,"column":22},"end":{"line":23,"column":23}},"loc":{"start":{"line":23,"column":34},"end":{"line":30,"column":5}},"line":23},"3":{"name":"(anonymous_3)","decl":{"start":{"line":34,"column":12},"end":{"line":34,"column":13}},"loc":{"start":{"line":34,"column":18},"end":{"line":45,"column":3}},"line":34},"4":{"name":"(anonymous_4)","decl":{"start":{"line":35,"column":23},"end":{"line":35,"column":24}},"loc":{"start":{"line":35,"column":35},"end":{"line":43,"column":5}},"line":35},"5":{"name":"(anonymous_5)","decl":{"start":{"line":100,"column":28},"end":{"line":100,"column":29}},"loc":{"start":{"line":100,"column":34},"end":{"line":132,"column":3}},"line":100},"6":{"name":"(anonymous_6)","decl":{"start":{"line":131,"column":19},"end":{"line":131,"column":20}},"loc":{"start":{"line":131,"column":34},"end":{"line":131,"column":44}},"line":131},"7":{"name":"(anonymous_7)","decl":{"start":{"line":139,"column":29},"end":{"line":139,"column":30}},"loc":{"start":{"line":139,"column":54},"end":{"line":145,"column":3}},"line":139},"8":{"name":"(anonymous_8)","decl":{"start":{"line":140,"column":31},"end":{"line":140,"column":32}},"loc":{"start":{"line":140,"column":41},"end":{"line":140,"column":71}},"line":140},"9":{"name":"(anonymous_9)","decl":{"start":{"line":147,"column":28},"end":{"line":147,"column":29}},"loc":{"start":{"line":147,"column":39},"end":{"line":256,"column":3}},"line":147},"10":{"name":"(anonymous_10)","decl":{"start":{"line":189,"column":8},"end":{"line":189,"column":9}},"loc":{"start":{"line":190,"column":10},"end":{"line":191,"column":69}},"line":190}},"branchMap":{"0":{"loc":{"start":{"line":101,"column":4},"end":{"line":128,"column":5}},"type":"if","locations":[{"start":{"line":101,"column":4},"end":{"line":128,"column":5}},{"start":{"line":120,"column":11},"end":{"line":128,"column":5}}],"line":101},"1":{"loc":{"start":{"line":113,"column":8},"end":{"line":114,"column":50}},"type":"binary-expr","locations":[{"start":{"line":113,"column":8},"end":{"line":113,"column":48}},{"start":{"line":114,"column":10},"end":{"line":114,"column":50}}],"line":113},"2":{"loc":{"start":{"line":141,"column":4},"end":{"line":143,"column":5}},"type":"if","locations":[{"start":{"line":141,"column":4},"end":{"line":143,"column":5}},{"start":{},"end":{}}],"line":141},"3":{"loc":{"start":{"line":153,"column":4},"end":{"line":153,"column":53}},"type":"if","locations":[{"start":{"line":153,"column":4},"end":{"line":153,"column":53}},{"start":{},"end":{}}],"line":153},"4":{"loc":{"start":{"line":156,"column":4},"end":{"line":175,"column":5}},"type":"if","locations":[{"start":{"line":156,"column":4},"end":{"line":175,"column":5}},{"start":{"line":172,"column":11},"end":{"line":175,"column":5}}],"line":156},"5":{"loc":{"start":{"line":157,"column":6},"end":{"line":161,"column":56}},"type":"binary-expr","locations":[{"start":{"line":157,"column":6},"end":{"line":157,"column":20}},{"start":{"line":158,"column":6},"end":{"line":158,"column":35}},{"start":{"line":159,"column":6},"end":{"line":159,"column":48}},{"start":{"line":160,"column":6},"end":{"line":161,"column":56}}],"line":157},"6":{"loc":{"start":{"line":181,"column":4},"end":{"line":213,"column":5}},"type":"if","locations":[{"start":{"line":181,"column":4},"end":{"line":213,"column":5}},{"start":{},"end":{}}],"line":181},"7":{"loc":{"start":{"line":190,"column":10},"end":{"line":191,"column":69}},"type":"binary-expr","locations":[{"start":{"line":190,"column":10},"end":{"line":190,"column":63}},{"start":{"line":191,"column":10},"end":{"line":191,"column":69}}],"line":190},"8":{"loc":{"start":{"line":194,"column":6},"end":{"line":211,"column":7}},"type":"if","locations":[{"start":{"line":194,"column":6},"end":{"line":211,"column":7}},{"start":{"line":207,"column":13},"end":{"line":211,"column":7}}],"line":194},"9":{"loc":{"start":{"line":216,"column":4},"end":{"line":255,"column":5}},"type":"if","locations":[{"start":{"line":216,"column":4},"end":{"line":255,"column":5}},{"start":{},"end":{}}],"line":216},"10":{"loc":{"start":{"line":223,"column":6},"end":{"line":227,"column":7}},"type":"if","locations":[{"start":{"line":223,"column":6},"end":{"line":227,"column":7}},{"start":{},"end":{}}],"line":223},"11":{"loc":{"start":{"line":264,"column":9},"end":{"line":264,"column":45}},"type":"cond-expr","locations":[{"start":{"line":264,"column":25},"end":{"line":264,"column":32}},{"start":{"line":264,"column":35},"end":{"line":264,"column":45}}],"line":264},"12":{"loc":{"start":{"line":294,"column":11},"end":{"line":306,"column":11}},"type":"binary-expr","locations":[{"start":{"line":294,"column":11},"end":{"line":294,"column":25}},{"start":{"line":296,"column":12},"end":{"line":305,"column":14}}],"line":294},"13":{"loc":{"start":{"line":307,"column":11},"end":{"line":319,"column":11}},"type":"binary-expr","locations":[{"start":{"line":307,"column":11},"end":{"line":307,"column":25}},{"start":{"line":309,"column":12},"end":{"line":318,"column":14}}],"line":307},"14":{"loc":{"start":{"line":320,"column":11},"end":{"line":349,"column":11}},"type":"binary-expr","locations":[{"start":{"line":320,"column":11},"end":{"line":320,"column":25}},{"start":{"line":321,"column":12},"end":{"line":348,"column":18}}],"line":320},"15":{"loc":{"start":{"line":354,"column":14},"end":{"line":356,"column":29}},"type":"cond-expr","locations":[{"start":{"line":355,"column":18},"end":{"line":355,"column":25}},{"start":{"line":356,"column":18},"end":{"line":356,"column":29}}],"line":354},"16":{"loc":{"start":{"line":354,"column":14},"end":{"line":354,"column":68}},"type":"binary-expr","locations":[{"start":{"line":354,"column":14},"end":{"line":354,"column":31}},{"start":{"line":354,"column":35},"end":{"line":354,"column":48}},{"start":{"line":354,"column":52},"end":{"line":354,"column":68}}],"line":354},"17":{"loc":{"start":{"line":368,"column":13},"end":{"line":368,"column":49}},"type":"cond-expr","locations":[{"start":{"line":368,"column":29},"end":{"line":368,"column":36}},{"start":{"line":368,"column":39},"end":{"line":368,"column":49}}],"line":368},"18":{"loc":{"start":{"line":371,"column":26},"end":{"line":371,"column":66}},"type":"cond-expr","locations":[{"start":{"line":371,"column":42},"end":{"line":371,"column":56}},{"start":{"line":371,"column":59},"end":{"line":371,"column":66}}],"line":371}},"s":{"0":2,"1":2,"2":107,"3":107,"4":107,"5":107,"6":107,"7":107,"8":107,"9":107,"10":107,"11":9,"12":9,"13":9,"14":2,"15":9,"16":107,"17":9,"18":9,"19":9,"20":2,"21":9,"22":107,"23":107,"24":4,"25":1,"26":1,"27":1,"28":1,"29":3,"30":3,"31":4,"32":4,"33":4,"34":107,"35":1,"36":10,"37":1,"38":0,"39":1,"40":107,"41":3,"42":3,"43":3,"44":0,"45":3,"46":0,"47":0,"48":0,"49":0,"50":3,"51":3,"52":3,"53":3,"54":2,"55":2,"56":20,"57":2,"58":1,"59":1,"60":1,"61":1,"62":1,"63":2,"64":1,"65":1,"66":1,"67":1,"68":0,"69":0,"70":0,"71":1,"72":1,"73":1,"74":107},"f":{"0":107,"1":9,"2":9,"3":9,"4":9,"5":4,"6":4,"7":1,"8":10,"9":3,"10":20},"b":{"0":[1,3],"1":[1,0],"2":[0,1],"3":[0,3],"4":[0,3],"5":[3,1,1,1],"6":[2,1],"7":[20,2],"8":[1,1],"9":[1,0],"10":[0,1],"11":[57,50],"12":[107,50],"13":[107,50],"14":[107,50],"15":[1,106],"16":[107,107,106],"17":[57,50],"18":[57,50]},"_coverageSchema":"1a1c01bbd47fc00a2c39e90264f33305004495a9","hash":"5bd27e09f5b5aad1857b3a1565b76d2e5cc3ed96"}
,"/Users/brian/All_My_Codes/COMP_531/HWs/hw5-Pedifax/src/main/components/followingBox/AddFollowingBar.js": {"path":"/Users/brian/All_My_Codes/COMP_531/HWs/hw5-Pedifax/src/main/components/followingBox/AddFollowingBar.js","statementMap":{"0":{"start":{"line":5,"column":24},"end":{"line":46,"column":1}},"1":{"start":{"line":6,"column":52},"end":{"line":6,"column":64}},"2":{"start":{"line":8,"column":35},"end":{"line":10,"column":3}},"3":{"start":{"line":9,"column":4},"end":{"line":9,"column":44}},"4":{"start":{"line":12,"column":29},"end":{"line":17,"column":3}},"5":{"start":{"line":13,"column":14},"end":{"line":13,"column":48}},"6":{"start":{"line":14,"column":4},"end":{"line":16,"column":5}},"7":{"start":{"line":15,"column":6},"end":{"line":15,"column":30}},"8":{"start":{"line":20,"column":4},"end":{"line":42,"column":21}},"9":{"start":{"line":34,"column":14},"end":{"line":34,"column":53}},"10":{"start":{"line":45,"column":2},"end":{"line":45,"column":17}}},"fnMap":{"0":{"name":"(anonymous_0)","decl":{"start":{"line":5,"column":24},"end":{"line":5,"column":25}},"loc":{"start":{"line":5,"column":35},"end":{"line":46,"column":1}},"line":5},"1":{"name":"(anonymous_1)","decl":{"start":{"line":8,"column":35},"end":{"line":8,"column":36}},"loc":{"start":{"line":8,"column":46},"end":{"line":10,"column":3}},"line":8},"2":{"name":"(anonymous_2)","decl":{"start":{"line":12,"column":29},"end":{"line":12,"column":30}},"loc":{"start":{"line":12,"column":53},"end":{"line":17,"column":3}},"line":12},"3":{"name":"(anonymous_3)","decl":{"start":{"line":33,"column":21},"end":{"line":33,"column":22}},"loc":{"start":{"line":33,"column":27},"end":{"line":35,"column":13}},"line":33}},"branchMap":{"0":{"loc":{"start":{"line":14,"column":4},"end":{"line":16,"column":5}},"type":"if","locations":[{"start":{"line":14,"column":4},"end":{"line":16,"column":5}},{"start":{},"end":{}}],"line":14}},"s":{"0":3,"1":36,"2":36,"3":6,"4":36,"5":1,"6":1,"7":1,"8":36,"9":1,"10":36},"f":{"0":36,"1":6,"2":1,"3":1},"b":{"0":[1,0]},"_coverageSchema":"1a1c01bbd47fc00a2c39e90264f33305004495a9","hash":"5d9a72af5de482830d2fca1c2bae2c58111998be"}
,"/Users/brian/All_My_Codes/COMP_531/HWs/hw5-Pedifax/src/main/components/followingBox/FollowingArea.js": {"path":"/Users/brian/All_My_Codes/COMP_531/HWs/hw5-Pedifax/src/main/components/followingBox/FollowingArea.js","statementMap":{"0":{"start":{"line":10,"column":22},"end":{"line":114,"column":1}},"1":{"start":{"line":11,"column":32},"end":{"line":11,"column":70}},"2":{"start":{"line":12,"column":24},"end":{"line":18,"column":3}},"3":{"start":{"line":13,"column":4},"end":{"line":17,"column":5}},"4":{"start":{"line":14,"column":6},"end":{"line":14,"column":65}},"5":{"start":{"line":15,"column":11},"end":{"line":17,"column":5}},"6":{"start":{"line":16,"column":6},"end":{"line":16,"column":68}},"7":{"start":{"line":19,"column":24},"end":{"line":21,"column":3}},"8":{"start":{"line":20,"column":4},"end":{"line":20,"column":45}},"9":{"start":{"line":24,"column":19},"end":{"line":24,"column":63}},"10":{"start":{"line":28,"column":16},"end":{"line":28,"column":57}},"11":{"start":{"line":30,"column":29},"end":{"line":30,"column":31}},"12":{"start":{"line":31,"column":2},"end":{"line":36,"column":3}},"13":{"start":{"line":32,"column":4},"end":{"line":32,"column":30}},"14":{"start":{"line":33,"column":4},"end":{"line":33,"column":61}},"15":{"start":{"line":34,"column":4},"end":{"line":34,"column":61}},"16":{"start":{"line":35,"column":4},"end":{"line":35,"column":61}},"17":{"start":{"line":37,"column":47},"end":{"line":37,"column":77}},"18":{"start":{"line":39,"column":26},"end":{"line":52,"column":3}},"19":{"start":{"line":40,"column":4},"end":{"line":42,"column":6}},"20":{"start":{"line":41,"column":6},"end":{"line":41,"column":73}},"21":{"start":{"line":41,"column":46},"end":{"line":41,"column":72}},"22":{"start":{"line":43,"column":19},"end":{"line":43,"column":63}},"23":{"start":{"line":44,"column":29},"end":{"line":46,"column":5}},"24":{"start":{"line":45,"column":19},"end":{"line":45,"column":43}},"25":{"start":{"line":47,"column":4},"end":{"line":50,"column":6}},"26":{"start":{"line":51,"column":4},"end":{"line":51,"column":28}},"27":{"start":{"line":54,"column":27},"end":{"line":88,"column":3}},"28":{"start":{"line":55,"column":18},"end":{"line":55,"column":78}},"29":{"start":{"line":55,"column":41},"end":{"line":55,"column":77}},"30":{"start":{"line":58,"column":4},"end":{"line":87,"column":5}},"31":{"start":{"line":59,"column":32},"end":{"line":59,"column":52}},"32":{"start":{"line":60,"column":21},"end":{"line":60,"column":65}},"33":{"start":{"line":61,"column":37},"end":{"line":61,"column":61}},"34":{"start":{"line":64,"column":6},"end":{"line":67,"column":7}},"35":{"start":{"line":65,"column":8},"end":{"line":65,"column":34}},"36":{"start":{"line":66,"column":8},"end":{"line":66,"column":21}},"37":{"start":{"line":69,"column":6},"end":{"line":69,"column":46}},"38":{"start":{"line":70,"column":6},"end":{"line":70,"column":45}},"39":{"start":{"line":72,"column":6},"end":{"line":72,"column":54}},"40":{"start":{"line":73,"column":6},"end":{"line":79,"column":8}},"41":{"start":{"line":80,"column":6},"end":{"line":80,"column":28}},"42":{"start":{"line":81,"column":6},"end":{"line":81,"column":22}},"43":{"start":{"line":82,"column":6},"end":{"line":82,"column":18}},"44":{"start":{"line":85,"column":6},"end":{"line":85,"column":29}},"45":{"start":{"line":86,"column":6},"end":{"line":86,"column":19}},"46":{"start":{"line":90,"column":2},"end":{"line":113,"column":4}},"47":{"start":{"line":103,"column":10},"end":{"line":109,"column":12}}},"fnMap":{"0":{"name":"(anonymous_0)","decl":{"start":{"line":10,"column":22},"end":{"line":10,"column":23}},"loc":{"start":{"line":10,"column":33},"end":{"line":114,"column":1}},"line":10},"1":{"name":"(anonymous_1)","decl":{"start":{"line":12,"column":24},"end":{"line":12,"column":25}},"loc":{"start":{"line":12,"column":36},"end":{"line":18,"column":3}},"line":12},"2":{"name":"(anonymous_2)","decl":{"start":{"line":19,"column":24},"end":{"line":19,"column":25}},"loc":{"start":{"line":19,"column":30},"end":{"line":21,"column":3}},"line":19},"3":{"name":"(anonymous_3)","decl":{"start":{"line":39,"column":26},"end":{"line":39,"column":27}},"loc":{"start":{"line":39,"column":44},"end":{"line":52,"column":3}},"line":39},"4":{"name":"(anonymous_4)","decl":{"start":{"line":40,"column":22},"end":{"line":40,"column":23}},"loc":{"start":{"line":41,"column":6},"end":{"line":41,"column":73}},"line":41},"5":{"name":"(anonymous_5)","decl":{"start":{"line":41,"column":34},"end":{"line":41,"column":35}},"loc":{"start":{"line":41,"column":46},"end":{"line":41,"column":72}},"line":41},"6":{"name":"(anonymous_6)","decl":{"start":{"line":45,"column":6},"end":{"line":45,"column":7}},"loc":{"start":{"line":45,"column":19},"end":{"line":45,"column":43}},"line":45},"7":{"name":"(anonymous_7)","decl":{"start":{"line":54,"column":27},"end":{"line":54,"column":28}},"loc":{"start":{"line":54,"column":51},"end":{"line":88,"column":3}},"line":54},"8":{"name":"(anonymous_8)","decl":{"start":{"line":55,"column":31},"end":{"line":55,"column":32}},"loc":{"start":{"line":55,"column":41},"end":{"line":55,"column":77}},"line":55},"9":{"name":"(anonymous_9)","decl":{"start":{"line":102,"column":29},"end":{"line":102,"column":30}},"loc":{"start":{"line":103,"column":10},"end":{"line":109,"column":12}},"line":103}},"branchMap":{"0":{"loc":{"start":{"line":13,"column":4},"end":{"line":17,"column":5}},"type":"if","locations":[{"start":{"line":13,"column":4},"end":{"line":17,"column":5}},{"start":{"line":15,"column":11},"end":{"line":17,"column":5}}],"line":13},"1":{"loc":{"start":{"line":15,"column":11},"end":{"line":17,"column":5}},"type":"if","locations":[{"start":{"line":15,"column":11},"end":{"line":17,"column":5}},{"start":{},"end":{}}],"line":15},"2":{"loc":{"start":{"line":31,"column":2},"end":{"line":36,"column":3}},"type":"if","locations":[{"start":{"line":31,"column":2},"end":{"line":36,"column":3}},{"start":{},"end":{}}],"line":31},"3":{"loc":{"start":{"line":58,"column":4},"end":{"line":87,"column":5}},"type":"if","locations":[{"start":{"line":58,"column":4},"end":{"line":87,"column":5}},{"start":{"line":83,"column":11},"end":{"line":87,"column":5}}],"line":58},"4":{"loc":{"start":{"line":64,"column":6},"end":{"line":67,"column":7}},"type":"if","locations":[{"start":{"line":64,"column":6},"end":{"line":67,"column":7}},{"start":{},"end":{}}],"line":64},"5":{"loc":{"start":{"line":94,"column":9},"end":{"line":101,"column":9}},"type":"binary-expr","locations":[{"start":{"line":94,"column":9},"end":{"line":94,"column":21}},{"start":{"line":95,"column":10},"end":{"line":100,"column":16}}],"line":94}},"s":{"0":3,"1":30,"2":30,"3":0,"4":0,"5":0,"6":0,"7":30,"8":1,"9":30,"10":30,"11":30,"12":30,"13":30,"14":30,"15":30,"16":30,"17":30,"18":30,"19":1,"20":1,"21":3,"22":1,"23":1,"24":3,"25":1,"26":1,"27":30,"28":1,"29":10,"30":1,"31":1,"32":1,"33":1,"34":1,"35":0,"36":0,"37":1,"38":1,"39":1,"40":1,"41":1,"42":1,"43":1,"44":0,"45":0,"46":30,"47":90},"f":{"0":30,"1":0,"2":1,"3":1,"4":1,"5":3,"6":3,"7":1,"8":10,"9":90},"b":{"0":[0,0],"1":[0,0],"2":[30,0],"3":[1,0],"4":[0,1],"5":[30,0]},"_coverageSchema":"1a1c01bbd47fc00a2c39e90264f33305004495a9","hash":"2ffc4dbc8f40c45198a8c4d61dd51f60abffbdd5"}
,"/Users/brian/All_My_Codes/COMP_531/HWs/hw5-Pedifax/src/main/components/posts/NewArticle.js": {"path":"/Users/brian/All_My_Codes/COMP_531/HWs/hw5-Pedifax/src/main/components/posts/NewArticle.js","statementMap":{"0":{"start":{"line":4,"column":21},"end":{"line":6,"column":1}},"1":{"start":{"line":5,"column":2},"end":{"line":5,"column":48}},"2":{"start":{"line":8,"column":19},"end":{"line":159,"column":1}},"3":{"start":{"line":9,"column":41},"end":{"line":9,"column":53}},"4":{"start":{"line":10,"column":30},"end":{"line":12,"column":3}},"5":{"start":{"line":11,"column":4},"end":{"line":11,"column":39}},"6":{"start":{"line":13,"column":43},"end":{"line":13,"column":55}},"7":{"start":{"line":14,"column":31},"end":{"line":16,"column":3}},"8":{"start":{"line":15,"column":4},"end":{"line":15,"column":40}},"9":{"start":{"line":18,"column":35},"end":{"line":18,"column":50}},"10":{"start":{"line":19,"column":26},"end":{"line":21,"column":3}},"11":{"start":{"line":20,"column":4},"end":{"line":20,"column":33}},"12":{"start":{"line":20,"column":26},"end":{"line":20,"column":31}},"13":{"start":{"line":23,"column":24},"end":{"line":23,"column":32}},"14":{"start":{"line":24,"column":27},"end":{"line":26,"column":3}},"15":{"start":{"line":25,"column":4},"end":{"line":25,"column":34}},"16":{"start":{"line":28,"column":25},"end":{"line":32,"column":3}},"17":{"start":{"line":30,"column":4},"end":{"line":30,"column":24}},"18":{"start":{"line":31,"column":4},"end":{"line":31,"column":23}},"19":{"start":{"line":34,"column":24},"end":{"line":57,"column":3}},"20":{"start":{"line":35,"column":4},"end":{"line":35,"column":27}},"21":{"start":{"line":36,"column":4},"end":{"line":38,"column":5}},"22":{"start":{"line":37,"column":6},"end":{"line":37,"column":13}},"23":{"start":{"line":40,"column":24},"end":{"line":40,"column":34}},"24":{"start":{"line":41,"column":24},"end":{"line":41,"column":56}},"25":{"start":{"line":42,"column":28},"end":{"line":42,"column":49}},"26":{"start":{"line":44,"column":25},"end":{"line":53,"column":5}},"27":{"start":{"line":55,"column":4},"end":{"line":55,"column":33}},"28":{"start":{"line":56,"column":4},"end":{"line":56,"column":21}},"29":{"start":{"line":59,"column":2},"end":{"line":158,"column":4}}},"fnMap":{"0":{"name":"(anonymous_0)","decl":{"start":{"line":4,"column":21},"end":{"line":4,"column":22}},"loc":{"start":{"line":4,"column":27},"end":{"line":6,"column":1}},"line":4},"1":{"name":"(anonymous_1)","decl":{"start":{"line":8,"column":19},"end":{"line":8,"column":20}},"loc":{"start":{"line":8,"column":30},"end":{"line":159,"column":1}},"line":8},"2":{"name":"(anonymous_2)","decl":{"start":{"line":10,"column":30},"end":{"line":10,"column":31}},"loc":{"start":{"line":10,"column":41},"end":{"line":12,"column":3}},"line":10},"3":{"name":"(anonymous_3)","decl":{"start":{"line":14,"column":31},"end":{"line":14,"column":32}},"loc":{"start":{"line":14,"column":42},"end":{"line":16,"column":3}},"line":14},"4":{"name":"(anonymous_4)","decl":{"start":{"line":19,"column":26},"end":{"line":19,"column":27}},"loc":{"start":{"line":19,"column":32},"end":{"line":21,"column":3}},"line":19},"5":{"name":"(anonymous_5)","decl":{"start":{"line":20,"column":16},"end":{"line":20,"column":17}},"loc":{"start":{"line":20,"column":26},"end":{"line":20,"column":31}},"line":20},"6":{"name":"(anonymous_6)","decl":{"start":{"line":24,"column":27},"end":{"line":24,"column":28}},"loc":{"start":{"line":24,"column":33},"end":{"line":26,"column":3}},"line":24},"7":{"name":"(anonymous_7)","decl":{"start":{"line":28,"column":25},"end":{"line":28,"column":26}},"loc":{"start":{"line":28,"column":31},"end":{"line":32,"column":3}},"line":28},"8":{"name":"(anonymous_8)","decl":{"start":{"line":34,"column":24},"end":{"line":34,"column":25}},"loc":{"start":{"line":34,"column":35},"end":{"line":57,"column":3}},"line":34}},"branchMap":{"0":{"loc":{"start":{"line":36,"column":4},"end":{"line":38,"column":5}},"type":"if","locations":[{"start":{"line":36,"column":4},"end":{"line":38,"column":5}},{"start":{},"end":{}}],"line":36}},"s":{"0":3,"1":1,"2":3,"3":145,"4":145,"5":90,"6":145,"7":145,"8":25,"9":145,"10":145,"11":0,"12":0,"13":145,"14":145,"15":0,"16":145,"17":1,"18":1,"19":145,"20":1,"21":1,"22":0,"23":1,"24":1,"25":1,"26":1,"27":1,"28":1,"29":145},"f":{"0":1,"1":145,"2":90,"3":25,"4":0,"5":0,"6":0,"7":1,"8":1},"b":{"0":[0,1]},"_coverageSchema":"1a1c01bbd47fc00a2c39e90264f33305004495a9","hash":"5cf689064e8f3e6560d415906290d79426518305"}
,"/Users/brian/All_My_Codes/COMP_531/HWs/hw5-Pedifax/src/main/components/posts/PostItem.js": {"path":"/Users/brian/All_My_Codes/COMP_531/HWs/hw5-Pedifax/src/main/components/posts/PostItem.js","statementMap":{"0":{"start":{"line":5,"column":17},"end":{"line":102,"column":1}},"1":{"start":{"line":6,"column":50},"end":{"line":6,"column":65}},"2":{"start":{"line":7,"column":32},"end":{"line":9,"column":3}},"3":{"start":{"line":8,"column":4},"end":{"line":8,"column":40}},"4":{"start":{"line":8,"column":33},"end":{"line":8,"column":38}},"5":{"start":{"line":11,"column":25},"end":{"line":13,"column":3}},"6":{"start":{"line":14,"column":22},"end":{"line":16,"column":3}},"7":{"start":{"line":18,"column":22},"end":{"line":18,"column":68}},"8":{"start":{"line":20,"column":2},"end":{"line":101,"column":4}},"9":{"start":{"line":104,"column":17},"end":{"line":110,"column":1}},"10":{"start":{"line":105,"column":2},"end":{"line":109,"column":4}}},"fnMap":{"0":{"name":"(anonymous_0)","decl":{"start":{"line":5,"column":17},"end":{"line":5,"column":18}},"loc":{"start":{"line":5,"column":28},"end":{"line":102,"column":1}},"line":5},"1":{"name":"(anonymous_1)","decl":{"start":{"line":7,"column":32},"end":{"line":7,"column":33}},"loc":{"start":{"line":7,"column":38},"end":{"line":9,"column":3}},"line":7},"2":{"name":"(anonymous_2)","decl":{"start":{"line":8,"column":23},"end":{"line":8,"column":24}},"loc":{"start":{"line":8,"column":33},"end":{"line":8,"column":38}},"line":8},"3":{"name":"(anonymous_3)","decl":{"start":{"line":11,"column":25},"end":{"line":11,"column":26}},"loc":{"start":{"line":11,"column":31},"end":{"line":13,"column":3}},"line":11},"4":{"name":"(anonymous_4)","decl":{"start":{"line":14,"column":22},"end":{"line":14,"column":23}},"loc":{"start":{"line":14,"column":28},"end":{"line":16,"column":3}},"line":14},"5":{"name":"(anonymous_5)","decl":{"start":{"line":104,"column":17},"end":{"line":104,"column":18}},"loc":{"start":{"line":104,"column":28},"end":{"line":110,"column":1}},"line":104}},"branchMap":{"0":{"loc":{"start":{"line":37,"column":7},"end":{"line":44,"column":7}},"type":"binary-expr","locations":[{"start":{"line":37,"column":7},"end":{"line":37,"column":23}},{"start":{"line":38,"column":8},"end":{"line":43,"column":10}}],"line":37},"1":{"loc":{"start":{"line":66,"column":11},"end":{"line":79,"column":11}},"type":"binary-expr","locations":[{"start":{"line":66,"column":11},"end":{"line":66,"column":28}},{"start":{"line":67,"column":12},"end":{"line":78,"column":29}}],"line":66},"2":{"loc":{"start":{"line":85,"column":13},"end":{"line":85,"column":58}},"type":"cond-expr","locations":[{"start":{"line":85,"column":33},"end":{"line":85,"column":44}},{"start":{"line":85,"column":47},"end":{"line":85,"column":58}}],"line":85}},"s":{"0":3,"1":572,"2":572,"3":1,"4":1,"5":572,"6":572,"7":572,"8":572,"9":3,"10":571},"f":{"0":572,"1":1,"2":1,"3":0,"4":0,"5":571},"b":{"0":[572,572],"1":[572,1],"2":[1,571]},"_coverageSchema":"1a1c01bbd47fc00a2c39e90264f33305004495a9","hash":"5bc4bd753f8656d5438e1142a945ade66efab323"}
,"/Users/brian/All_My_Codes/COMP_531/HWs/hw5-Pedifax/src/main/components/posts/PostList.js": {"path":"/Users/brian/All_My_Codes/COMP_531/HWs/hw5-Pedifax/src/main/components/posts/PostList.js","statementMap":{"0":{"start":{"line":5,"column":17},"end":{"line":34,"column":1}},"1":{"start":{"line":6,"column":2},"end":{"line":14,"column":3}},"2":{"start":{"line":7,"column":4},"end":{"line":13,"column":6}},"3":{"start":{"line":16,"column":2},"end":{"line":33,"column":4}},"4":{"start":{"line":20,"column":8},"end":{"line":30,"column":10}}},"fnMap":{"0":{"name":"(anonymous_0)","decl":{"start":{"line":5,"column":17},"end":{"line":5,"column":18}},"loc":{"start":{"line":5,"column":28},"end":{"line":34,"column":1}},"line":5},"1":{"name":"(anonymous_1)","decl":{"start":{"line":19,"column":23},"end":{"line":19,"column":24}},"loc":{"start":{"line":20,"column":8},"end":{"line":30,"column":10}},"line":20}},"branchMap":{"0":{"loc":{"start":{"line":6,"column":2},"end":{"line":14,"column":3}},"type":"if","locations":[{"start":{"line":6,"column":2},"end":{"line":14,"column":3}},{"start":{},"end":{}}],"line":6},"1":{"loc":{"start":{"line":21,"column":21},"end":{"line":21,"column":44}},"type":"binary-expr","locations":[{"start":{"line":21,"column":21},"end":{"line":21,"column":26}},{"start":{"line":21,"column":30},"end":{"line":21,"column":44}}],"line":21}},"s":{"0":3,"1":30,"2":9,"3":21,"4":571},"f":{"0":30,"1":571},"b":{"0":[9,21],"1":[571,571]},"_coverageSchema":"1a1c01bbd47fc00a2c39e90264f33305004495a9","hash":"0a7b06b015bb07399fbb9f169d4b8fd30f8af634"}
,"/Users/brian/All_My_Codes/COMP_531/HWs/hw5-Pedifax/src/main/components/searchBar/SearchBar.js": {"path":"/Users/brian/All_My_Codes/COMP_531/HWs/hw5-Pedifax/src/main/components/searchBar/SearchBar.js","statementMap":{"0":{"start":{"line":4,"column":18},"end":{"line":32,"column":1}},"1":{"start":{"line":5,"column":52},"end":{"line":5,"column":64}},"2":{"start":{"line":7,"column":35},"end":{"line":11,"column":3}},"3":{"start":{"line":9,"column":4},"end":{"line":9,"column":44}},"4":{"start":{"line":10,"column":4},"end":{"line":10,"column":39}},"5":{"start":{"line":14,"column":4},"end":{"line":28,"column":10}},"6":{"start":{"line":31,"column":2},"end":{"line":31,"column":17}}},"fnMap":{"0":{"name":"(anonymous_0)","decl":{"start":{"line":4,"column":18},"end":{"line":4,"column":19}},"loc":{"start":{"line":4,"column":29},"end":{"line":32,"column":1}},"line":4},"1":{"name":"(anonymous_1)","decl":{"start":{"line":7,"column":35},"end":{"line":7,"column":36}},"loc":{"start":{"line":7,"column":46},"end":{"line":11,"column":3}},"line":7}},"branchMap":{},"s":{"0":3,"1":30,"2":30,"3":9,"4":9,"5":30,"6":30},"f":{"0":30,"1":9},"b":{},"_coverageSchema":"1a1c01bbd47fc00a2c39e90264f33305004495a9","hash":"08f59d6fd4c073e001da35d88ee9f3be67e5c84e"}
,"/Users/brian/All_My_Codes/COMP_531/HWs/hw5-Pedifax/src/main/pages/Feed.js": {"path":"/Users/brian/All_My_Codes/COMP_531/HWs/hw5-Pedifax/src/main/pages/Feed.js","statementMap":{"0":{"start":{"line":9,"column":26},"end":{"line":17,"column":1}},"1":{"start":{"line":10,"column":2},"end":{"line":12,"column":3}},"2":{"start":{"line":11,"column":4},"end":{"line":11,"column":13}},"3":{"start":{"line":13,"column":2},"end":{"line":15,"column":3}},"4":{"start":{"line":14,"column":4},"end":{"line":14,"column":14}},"5":{"start":{"line":16,"column":2},"end":{"line":16,"column":11}},"6":{"start":{"line":19,"column":24},"end":{"line":24,"column":1}},"7":{"start":{"line":20,"column":16},"end":{"line":20,"column":57}},"8":{"start":{"line":21,"column":19},"end":{"line":21,"column":60}},"9":{"start":{"line":21,"column":40},"end":{"line":21,"column":59}},"10":{"start":{"line":23,"column":2},"end":{"line":23,"column":29}},"11":{"start":{"line":26,"column":13},"end":{"line":211,"column":1}},"12":{"start":{"line":27,"column":39},"end":{"line":27,"column":51}},"13":{"start":{"line":28,"column":41},"end":{"line":28,"column":53}},"14":{"start":{"line":31,"column":19},"end":{"line":31,"column":63}},"15":{"start":{"line":34,"column":26},"end":{"line":34,"column":77}},"16":{"start":{"line":35,"column":2},"end":{"line":39,"column":3}},"17":{"start":{"line":36,"column":4},"end":{"line":38,"column":5}},"18":{"start":{"line":37,"column":6},"end":{"line":37,"column":62}},"19":{"start":{"line":42,"column":16},"end":{"line":42,"column":57}},"20":{"start":{"line":44,"column":2},"end":{"line":58,"column":9}},"21":{"start":{"line":47,"column":26},"end":{"line":47,"column":28}},"22":{"start":{"line":48,"column":4},"end":{"line":52,"column":5}},"23":{"start":{"line":49,"column":6},"end":{"line":49,"column":51}},"24":{"start":{"line":50,"column":6},"end":{"line":50,"column":51}},"25":{"start":{"line":51,"column":6},"end":{"line":51,"column":51}},"26":{"start":{"line":53,"column":4},"end":{"line":56,"column":6}},"27":{"start":{"line":60,"column":29},"end":{"line":96,"column":3}},"28":{"start":{"line":61,"column":24},"end":{"line":61,"column":26}},"29":{"start":{"line":63,"column":21},"end":{"line":63,"column":65}},"30":{"start":{"line":68,"column":4},"end":{"line":68,"column":23}},"31":{"start":{"line":70,"column":4},"end":{"line":86,"column":5}},"32":{"start":{"line":70,"column":17},"end":{"line":70,"column":18}},"33":{"start":{"line":71,"column":6},"end":{"line":85,"column":7}},"34":{"start":{"line":75,"column":26},"end":{"line":75,"column":67}},"35":{"start":{"line":76,"column":19},"end":{"line":76,"column":61}},"36":{"start":{"line":77,"column":8},"end":{"line":77,"column":43}},"37":{"start":{"line":78,"column":8},"end":{"line":78,"column":34}},"38":{"start":{"line":79,"column":8},"end":{"line":83,"column":9}},"39":{"start":{"line":80,"column":10},"end":{"line":80,"column":48}},"40":{"start":{"line":82,"column":10},"end":{"line":82,"column":63}},"41":{"start":{"line":84,"column":8},"end":{"line":84,"column":37}},"42":{"start":{"line":89,"column":4},"end":{"line":89,"column":42}},"43":{"start":{"line":93,"column":4},"end":{"line":93,"column":33}},"44":{"start":{"line":94,"column":4},"end":{"line":94,"column":34}},"45":{"start":{"line":95,"column":4},"end":{"line":95,"column":25}},"46":{"start":{"line":99,"column":2},"end":{"line":102,"column":9}},"47":{"start":{"line":100,"column":4},"end":{"line":100,"column":45}},"48":{"start":{"line":104,"column":24},"end":{"line":107,"column":3}},"49":{"start":{"line":106,"column":4},"end":{"line":106,"column":25}},"50":{"start":{"line":109,"column":26},"end":{"line":112,"column":3}},"51":{"start":{"line":111,"column":4},"end":{"line":111,"column":25}},"52":{"start":{"line":115,"column":24},"end":{"line":138,"column":3}},"53":{"start":{"line":116,"column":25},"end":{"line":116,"column":42}},"54":{"start":{"line":121,"column":4},"end":{"line":137,"column":5}},"55":{"start":{"line":122,"column":27},"end":{"line":122,"column":29}},"56":{"start":{"line":123,"column":6},"end":{"line":130,"column":7}},"57":{"start":{"line":123,"column":19},"end":{"line":123,"column":20}},"58":{"start":{"line":124,"column":8},"end":{"line":129,"column":9}},"59":{"start":{"line":128,"column":10},"end":{"line":128,"column":49}},"60":{"start":{"line":131,"column":6},"end":{"line":131,"column":36}},"61":{"start":{"line":136,"column":6},"end":{"line":136,"column":34}},"62":{"start":{"line":140,"column":28},"end":{"line":149,"column":3}},"63":{"start":{"line":143,"column":20},"end":{"line":143,"column":36}},"64":{"start":{"line":144,"column":4},"end":{"line":144,"column":36}},"65":{"start":{"line":145,"column":4},"end":{"line":145,"column":29}},"66":{"start":{"line":151,"column":30},"end":{"line":172,"column":3}},"67":{"start":{"line":152,"column":27},"end":{"line":158,"column":5}},"68":{"start":{"line":160,"column":30},"end":{"line":163,"column":5}},"69":{"start":{"line":165,"column":4},"end":{"line":165,"column":71}},"70":{"start":{"line":168,"column":4},"end":{"line":171,"column":6}},"71":{"start":{"line":174,"column":2},"end":{"line":210,"column":4}}},"fnMap":{"0":{"name":"(anonymous_0)","decl":{"start":{"line":9,"column":26},"end":{"line":9,"column":27}},"loc":{"start":{"line":9,"column":36},"end":{"line":17,"column":1}},"line":9},"1":{"name":"(anonymous_1)","decl":{"start":{"line":19,"column":24},"end":{"line":19,"column":25}},"loc":{"start":{"line":19,"column":37},"end":{"line":24,"column":1}},"line":19},"2":{"name":"(anonymous_2)","decl":{"start":{"line":21,"column":30},"end":{"line":21,"column":31}},"loc":{"start":{"line":21,"column":40},"end":{"line":21,"column":59}},"line":21},"3":{"name":"(anonymous_3)","decl":{"start":{"line":26,"column":13},"end":{"line":26,"column":14}},"loc":{"start":{"line":26,"column":19},"end":{"line":211,"column":1}},"line":26},"4":{"name":"(anonymous_4)","decl":{"start":{"line":44,"column":12},"end":{"line":44,"column":13}},"loc":{"start":{"line":44,"column":18},"end":{"line":58,"column":3}},"line":44},"5":{"name":"(anonymous_5)","decl":{"start":{"line":60,"column":29},"end":{"line":60,"column":30}},"loc":{"start":{"line":60,"column":35},"end":{"line":96,"column":3}},"line":60},"6":{"name":"(anonymous_6)","decl":{"start":{"line":99,"column":12},"end":{"line":99,"column":13}},"loc":{"start":{"line":99,"column":18},"end":{"line":102,"column":3}},"line":99},"7":{"name":"(anonymous_7)","decl":{"start":{"line":104,"column":24},"end":{"line":104,"column":25}},"loc":{"start":{"line":104,"column":30},"end":{"line":107,"column":3}},"line":104},"8":{"name":"(anonymous_8)","decl":{"start":{"line":109,"column":26},"end":{"line":109,"column":27}},"loc":{"start":{"line":109,"column":32},"end":{"line":112,"column":3}},"line":109},"9":{"name":"(anonymous_9)","decl":{"start":{"line":115,"column":24},"end":{"line":115,"column":25}},"loc":{"start":{"line":115,"column":37},"end":{"line":138,"column":3}},"line":115},"10":{"name":"(anonymous_10)","decl":{"start":{"line":140,"column":28},"end":{"line":140,"column":29}},"loc":{"start":{"line":140,"column":46},"end":{"line":149,"column":3}},"line":140},"11":{"name":"(anonymous_11)","decl":{"start":{"line":151,"column":30},"end":{"line":151,"column":31}},"loc":{"start":{"line":151,"column":46},"end":{"line":172,"column":3}},"line":151}},"branchMap":{"0":{"loc":{"start":{"line":10,"column":2},"end":{"line":12,"column":3}},"type":"if","locations":[{"start":{"line":10,"column":2},"end":{"line":12,"column":3}},{"start":{},"end":{}}],"line":10},"1":{"loc":{"start":{"line":13,"column":2},"end":{"line":15,"column":3}},"type":"if","locations":[{"start":{"line":13,"column":2},"end":{"line":15,"column":3}},{"start":{},"end":{}}],"line":13},"2":{"loc":{"start":{"line":35,"column":2},"end":{"line":39,"column":3}},"type":"if","locations":[{"start":{"line":35,"column":2},"end":{"line":39,"column":3}},{"start":{},"end":{}}],"line":35},"3":{"loc":{"start":{"line":36,"column":4},"end":{"line":38,"column":5}},"type":"if","locations":[{"start":{"line":36,"column":4},"end":{"line":38,"column":5}},{"start":{},"end":{}}],"line":36},"4":{"loc":{"start":{"line":48,"column":4},"end":{"line":52,"column":5}},"type":"if","locations":[{"start":{"line":48,"column":4},"end":{"line":52,"column":5}},{"start":{},"end":{}}],"line":48},"5":{"loc":{"start":{"line":71,"column":6},"end":{"line":85,"column":7}},"type":"if","locations":[{"start":{"line":71,"column":6},"end":{"line":85,"column":7}},{"start":{},"end":{}}],"line":71},"6":{"loc":{"start":{"line":72,"column":8},"end":{"line":73,"column":68}},"type":"binary-expr","locations":[{"start":{"line":72,"column":8},"end":{"line":72,"column":59}},{"start":{"line":73,"column":8},"end":{"line":73,"column":68}}],"line":72},"7":{"loc":{"start":{"line":79,"column":8},"end":{"line":83,"column":9}},"type":"if","locations":[{"start":{"line":79,"column":8},"end":{"line":83,"column":9}},{"start":{"line":81,"column":15},"end":{"line":83,"column":9}}],"line":79},"8":{"loc":{"start":{"line":121,"column":4},"end":{"line":137,"column":5}},"type":"if","locations":[{"start":{"line":121,"column":4},"end":{"line":137,"column":5}},{"start":{"line":132,"column":11},"end":{"line":137,"column":5}}],"line":121},"9":{"loc":{"start":{"line":124,"column":8},"end":{"line":129,"column":9}},"type":"if","locations":[{"start":{"line":124,"column":8},"end":{"line":129,"column":9}},{"start":{},"end":{}}],"line":124},"10":{"loc":{"start":{"line":125,"column":10},"end":{"line":126,"column":50}},"type":"binary-expr","locations":[{"start":{"line":125,"column":10},"end":{"line":125,"column":54}},{"start":{"line":126,"column":10},"end":{"line":126,"column":50}}],"line":125}},"s":{"0":3,"1":3251,"2":1502,"3":1749,"4":1749,"5":0,"6":3,"7":600,"8":600,"9":1830,"10":600,"11":3,"12":30,"13":30,"14":30,"15":30,"16":30,"17":2,"18":2,"19":30,"20":30,"21":9,"22":9,"23":9,"24":9,"25":9,"26":9,"27":30,"28":20,"29":20,"30":20,"31":20,"32":20,"33":2000,"34":800,"35":800,"36":800,"37":800,"38":800,"39":200,"40":600,"41":800,"42":20,"43":20,"44":20,"45":20,"46":30,"47":9,"48":30,"49":1,"50":30,"51":1,"52":30,"53":9,"54":9,"55":9,"56":9,"57":9,"58":360,"59":90,"60":9,"61":0,"62":30,"63":1,"64":1,"65":1,"66":30,"67":0,"68":0,"69":0,"70":0,"71":30},"f":{"0":3251,"1":600,"2":1830,"3":30,"4":9,"5":20,"6":9,"7":1,"8":1,"9":9,"10":1,"11":0},"b":{"0":[1502,1749],"1":[1749,0],"2":[2,28],"3":[2,0],"4":[9,0],"5":[800,1200],"6":[2000,1800],"7":[200,600],"8":[9,0],"9":[90,270],"10":[360,270]},"_coverageSchema":"1a1c01bbd47fc00a2c39e90264f33305004495a9","hash":"91283cee3bf20d7f78efe0c4ffc891359ffa32fe"}
,"/Users/brian/All_My_Codes/COMP_531/HWs/hw5-Pedifax/src/profile/pages/Profile.js": {"path":"/Users/brian/All_My_Codes/COMP_531/HWs/hw5-Pedifax/src/profile/pages/Profile.js","statementMap":{"0":{"start":{"line":17,"column":2},"end":{"line":17,"column":129}},"1":{"start":{"line":19,"column":2},"end":{"line":19,"column":72}},"2":{"start":{"line":20,"column":25},"end":{"line":20,"column":68}},"3":{"start":{"line":21,"column":32},"end":{"line":21,"column":72}},"4":{"start":{"line":22,"column":27},"end":{"line":22,"column":69}},"5":{"start":{"line":24,"column":16},"end":{"line":348,"column":1}},"6":{"start":{"line":26,"column":33},"end":{"line":26,"column":45}},"7":{"start":{"line":27,"column":42},"end":{"line":34,"column":4}},"8":{"start":{"line":35,"column":39},"end":{"line":38,"column":4}},"9":{"start":{"line":40,"column":2},"end":{"line":43,"column":9}},"10":{"start":{"line":42,"column":4},"end":{"line":42,"column":61}},"11":{"start":{"line":45,"column":2},"end":{"line":45,"column":34}},"12":{"start":{"line":47,"column":25},"end":{"line":59,"column":3}},"13":{"start":{"line":48,"column":4},"end":{"line":48,"column":23}},"14":{"start":{"line":49,"column":20},"end":{"line":49,"column":34}},"15":{"start":{"line":50,"column":4},"end":{"line":50,"column":71}},"16":{"start":{"line":50,"column":31},"end":{"line":50,"column":68}},"17":{"start":{"line":51,"column":4},"end":{"line":58,"column":5}},"18":{"start":{"line":52,"column":6},"end":{"line":52,"column":70}},"19":{"start":{"line":52,"column":37},"end":{"line":52,"column":67}},"20":{"start":{"line":54,"column":6},"end":{"line":57,"column":10}},"21":{"start":{"line":54,"column":37},"end":{"line":57,"column":7}},"22":{"start":{"line":61,"column":25},"end":{"line":76,"column":3}},"23":{"start":{"line":62,"column":20},"end":{"line":62,"column":38}},"24":{"start":{"line":63,"column":4},"end":{"line":66,"column":8}},"25":{"start":{"line":63,"column":31},"end":{"line":66,"column":5}},"26":{"start":{"line":68,"column":4},"end":{"line":75,"column":5}},"27":{"start":{"line":69,"column":6},"end":{"line":69,"column":70}},"28":{"start":{"line":69,"column":37},"end":{"line":69,"column":67}},"29":{"start":{"line":71,"column":6},"end":{"line":74,"column":10}},"30":{"start":{"line":71,"column":37},"end":{"line":74,"column":7}},"31":{"start":{"line":78,"column":37},"end":{"line":96,"column":3}},"32":{"start":{"line":79,"column":20},"end":{"line":79,"column":34}},"33":{"start":{"line":80,"column":4},"end":{"line":83,"column":8}},"34":{"start":{"line":80,"column":31},"end":{"line":83,"column":5}},"35":{"start":{"line":85,"column":4},"end":{"line":95,"column":5}},"36":{"start":{"line":86,"column":6},"end":{"line":89,"column":10}},"37":{"start":{"line":86,"column":37},"end":{"line":89,"column":7}},"38":{"start":{"line":91,"column":6},"end":{"line":94,"column":10}},"39":{"start":{"line":91,"column":37},"end":{"line":94,"column":7}},"40":{"start":{"line":98,"column":22},"end":{"line":109,"column":3}},"41":{"start":{"line":99,"column":20},"end":{"line":99,"column":34}},"42":{"start":{"line":100,"column":4},"end":{"line":100,"column":68}},"43":{"start":{"line":100,"column":31},"end":{"line":100,"column":65}},"44":{"start":{"line":101,"column":4},"end":{"line":108,"column":5}},"45":{"start":{"line":102,"column":6},"end":{"line":102,"column":67}},"46":{"start":{"line":102,"column":37},"end":{"line":102,"column":64}},"47":{"start":{"line":104,"column":6},"end":{"line":107,"column":10}},"48":{"start":{"line":104,"column":37},"end":{"line":107,"column":7}},"49":{"start":{"line":111,"column":22},"end":{"line":123,"column":3}},"50":{"start":{"line":112,"column":20},"end":{"line":112,"column":34}},"51":{"start":{"line":113,"column":4},"end":{"line":113,"column":68}},"52":{"start":{"line":113,"column":31},"end":{"line":113,"column":65}},"53":{"start":{"line":115,"column":4},"end":{"line":122,"column":5}},"54":{"start":{"line":116,"column":6},"end":{"line":116,"column":74}},"55":{"start":{"line":116,"column":37},"end":{"line":116,"column":71}},"56":{"start":{"line":118,"column":6},"end":{"line":121,"column":10}},"57":{"start":{"line":118,"column":37},"end":{"line":121,"column":7}},"58":{"start":{"line":125,"column":20},"end":{"line":140,"column":3}},"59":{"start":{"line":126,"column":20},"end":{"line":126,"column":34}},"60":{"start":{"line":127,"column":4},"end":{"line":130,"column":8}},"61":{"start":{"line":127,"column":31},"end":{"line":130,"column":5}},"62":{"start":{"line":132,"column":4},"end":{"line":139,"column":5}},"63":{"start":{"line":133,"column":6},"end":{"line":133,"column":65}},"64":{"start":{"line":133,"column":37},"end":{"line":133,"column":62}},"65":{"start":{"line":135,"column":6},"end":{"line":138,"column":10}},"66":{"start":{"line":135,"column":37},"end":{"line":138,"column":7}},"67":{"start":{"line":153,"column":24},"end":{"line":204,"column":3}},"68":{"start":{"line":154,"column":4},"end":{"line":154,"column":23}},"69":{"start":{"line":158,"column":19},"end":{"line":160,"column":5}},"70":{"start":{"line":162,"column":28},"end":{"line":164,"column":5}},"71":{"start":{"line":166,"column":24},"end":{"line":173,"column":5}},"72":{"start":{"line":174,"column":19},"end":{"line":174,"column":23}},"73":{"start":{"line":175,"column":25},"end":{"line":175,"column":27}},"74":{"start":{"line":176,"column":16},"end":{"line":176,"column":39}},"75":{"start":{"line":177,"column":16},"end":{"line":177,"column":46}},"76":{"start":{"line":180,"column":4},"end":{"line":185,"column":5}},"77":{"start":{"line":180,"column":17},"end":{"line":180,"column":18}},"78":{"start":{"line":181,"column":6},"end":{"line":181,"column":47}},"79":{"start":{"line":182,"column":6},"end":{"line":184,"column":7}},"80":{"start":{"line":183,"column":8},"end":{"line":183,"column":49}},"81":{"start":{"line":187,"column":4},"end":{"line":190,"column":5}},"82":{"start":{"line":188,"column":6},"end":{"line":188,"column":23}},"83":{"start":{"line":189,"column":6},"end":{"line":189,"column":46}},"84":{"start":{"line":193,"column":4},"end":{"line":198,"column":5}},"85":{"start":{"line":195,"column":6},"end":{"line":195,"column":55}},"86":{"start":{"line":200,"column":4},"end":{"line":203,"column":7}},"87":{"start":{"line":206,"column":2},"end":{"line":347,"column":4}}},"fnMap":{"0":{"name":"(anonymous_0)","decl":{"start":{"line":24,"column":16},"end":{"line":24,"column":17}},"loc":{"start":{"line":24,"column":22},"end":{"line":348,"column":1}},"line":24},"1":{"name":"(anonymous_1)","decl":{"start":{"line":40,"column":12},"end":{"line":40,"column":13}},"loc":{"start":{"line":40,"column":18},"end":{"line":43,"column":3}},"line":40},"2":{"name":"(anonymous_2)","decl":{"start":{"line":45,"column":12},"end":{"line":45,"column":13}},"loc":{"start":{"line":45,"column":18},"end":{"line":45,"column":20}},"line":45},"3":{"name":"(anonymous_3)","decl":{"start":{"line":47,"column":25},"end":{"line":47,"column":26}},"loc":{"start":{"line":47,"column":32},"end":{"line":59,"column":3}},"line":47},"4":{"name":"(anonymous_4)","decl":{"start":{"line":50,"column":15},"end":{"line":50,"column":16}},"loc":{"start":{"line":50,"column":31},"end":{"line":50,"column":68}},"line":50},"5":{"name":"(anonymous_5)","decl":{"start":{"line":52,"column":21},"end":{"line":52,"column":22}},"loc":{"start":{"line":52,"column":37},"end":{"line":52,"column":67}},"line":52},"6":{"name":"(anonymous_6)","decl":{"start":{"line":54,"column":21},"end":{"line":54,"column":22}},"loc":{"start":{"line":54,"column":37},"end":{"line":57,"column":7}},"line":54},"7":{"name":"(anonymous_7)","decl":{"start":{"line":61,"column":25},"end":{"line":61,"column":26}},"loc":{"start":{"line":61,"column":36},"end":{"line":76,"column":3}},"line":61},"8":{"name":"(anonymous_8)","decl":{"start":{"line":63,"column":15},"end":{"line":63,"column":16}},"loc":{"start":{"line":63,"column":31},"end":{"line":66,"column":5}},"line":63},"9":{"name":"(anonymous_9)","decl":{"start":{"line":69,"column":21},"end":{"line":69,"column":22}},"loc":{"start":{"line":69,"column":37},"end":{"line":69,"column":67}},"line":69},"10":{"name":"(anonymous_10)","decl":{"start":{"line":71,"column":21},"end":{"line":71,"column":22}},"loc":{"start":{"line":71,"column":37},"end":{"line":74,"column":7}},"line":71},"11":{"name":"(anonymous_11)","decl":{"start":{"line":78,"column":37},"end":{"line":78,"column":38}},"loc":{"start":{"line":78,"column":44},"end":{"line":96,"column":3}},"line":78},"12":{"name":"(anonymous_12)","decl":{"start":{"line":80,"column":15},"end":{"line":80,"column":16}},"loc":{"start":{"line":80,"column":31},"end":{"line":83,"column":5}},"line":80},"13":{"name":"(anonymous_13)","decl":{"start":{"line":86,"column":21},"end":{"line":86,"column":22}},"loc":{"start":{"line":86,"column":37},"end":{"line":89,"column":7}},"line":86},"14":{"name":"(anonymous_14)","decl":{"start":{"line":91,"column":21},"end":{"line":91,"column":22}},"loc":{"start":{"line":91,"column":37},"end":{"line":94,"column":7}},"line":91},"15":{"name":"(anonymous_15)","decl":{"start":{"line":98,"column":22},"end":{"line":98,"column":23}},"loc":{"start":{"line":98,"column":29},"end":{"line":109,"column":3}},"line":98},"16":{"name":"(anonymous_16)","decl":{"start":{"line":100,"column":15},"end":{"line":100,"column":16}},"loc":{"start":{"line":100,"column":31},"end":{"line":100,"column":65}},"line":100},"17":{"name":"(anonymous_17)","decl":{"start":{"line":102,"column":21},"end":{"line":102,"column":22}},"loc":{"start":{"line":102,"column":37},"end":{"line":102,"column":64}},"line":102},"18":{"name":"(anonymous_18)","decl":{"start":{"line":104,"column":21},"end":{"line":104,"column":22}},"loc":{"start":{"line":104,"column":37},"end":{"line":107,"column":7}},"line":104},"19":{"name":"(anonymous_19)","decl":{"start":{"line":111,"column":22},"end":{"line":111,"column":23}},"loc":{"start":{"line":111,"column":29},"end":{"line":123,"column":3}},"line":111},"20":{"name":"(anonymous_20)","decl":{"start":{"line":113,"column":15},"end":{"line":113,"column":16}},"loc":{"start":{"line":113,"column":31},"end":{"line":113,"column":65}},"line":113},"21":{"name":"(anonymous_21)","decl":{"start":{"line":116,"column":21},"end":{"line":116,"column":22}},"loc":{"start":{"line":116,"column":37},"end":{"line":116,"column":71}},"line":116},"22":{"name":"(anonymous_22)","decl":{"start":{"line":118,"column":21},"end":{"line":118,"column":22}},"loc":{"start":{"line":118,"column":37},"end":{"line":121,"column":7}},"line":118},"23":{"name":"(anonymous_23)","decl":{"start":{"line":125,"column":20},"end":{"line":125,"column":21}},"loc":{"start":{"line":125,"column":27},"end":{"line":140,"column":3}},"line":125},"24":{"name":"(anonymous_24)","decl":{"start":{"line":127,"column":15},"end":{"line":127,"column":16}},"loc":{"start":{"line":127,"column":31},"end":{"line":130,"column":5}},"line":127},"25":{"name":"(anonymous_25)","decl":{"start":{"line":133,"column":21},"end":{"line":133,"column":22}},"loc":{"start":{"line":133,"column":37},"end":{"line":133,"column":62}},"line":133},"26":{"name":"(anonymous_26)","decl":{"start":{"line":135,"column":21},"end":{"line":135,"column":22}},"loc":{"start":{"line":135,"column":37},"end":{"line":138,"column":7}},"line":135},"27":{"name":"(anonymous_27)","decl":{"start":{"line":153,"column":24},"end":{"line":153,"column":25}},"loc":{"start":{"line":153,"column":31},"end":{"line":204,"column":3}},"line":153}},"branchMap":{"0":{"loc":{"start":{"line":51,"column":4},"end":{"line":58,"column":5}},"type":"if","locations":[{"start":{"line":51,"column":4},"end":{"line":58,"column":5}},{"start":{"line":53,"column":11},"end":{"line":58,"column":5}}],"line":51},"1":{"loc":{"start":{"line":68,"column":4},"end":{"line":75,"column":5}},"type":"if","locations":[{"start":{"line":68,"column":4},"end":{"line":75,"column":5}},{"start":{"line":70,"column":11},"end":{"line":75,"column":5}}],"line":68},"2":{"loc":{"start":{"line":85,"column":4},"end":{"line":95,"column":5}},"type":"if","locations":[{"start":{"line":85,"column":4},"end":{"line":95,"column":5}},{"start":{"line":90,"column":11},"end":{"line":95,"column":5}}],"line":85},"3":{"loc":{"start":{"line":101,"column":4},"end":{"line":108,"column":5}},"type":"if","locations":[{"start":{"line":101,"column":4},"end":{"line":108,"column":5}},{"start":{"line":103,"column":11},"end":{"line":108,"column":5}}],"line":101},"4":{"loc":{"start":{"line":115,"column":4},"end":{"line":122,"column":5}},"type":"if","locations":[{"start":{"line":115,"column":4},"end":{"line":122,"column":5}},{"start":{"line":117,"column":11},"end":{"line":122,"column":5}}],"line":115},"5":{"loc":{"start":{"line":132,"column":4},"end":{"line":139,"column":5}},"type":"if","locations":[{"start":{"line":132,"column":4},"end":{"line":139,"column":5}},{"start":{"line":134,"column":11},"end":{"line":139,"column":5}}],"line":132},"6":{"loc":{"start":{"line":181,"column":17},"end":{"line":181,"column":46}},"type":"binary-expr","locations":[{"start":{"line":181,"column":17},"end":{"line":181,"column":25}},{"start":{"line":181,"column":29},"end":{"line":181,"column":46}}],"line":181},"7":{"loc":{"start":{"line":182,"column":6},"end":{"line":184,"column":7}},"type":"if","locations":[{"start":{"line":182,"column":6},"end":{"line":184,"column":7}},{"start":{},"end":{}}],"line":182},"8":{"loc":{"start":{"line":187,"column":4},"end":{"line":190,"column":5}},"type":"if","locations":[{"start":{"line":187,"column":4},"end":{"line":190,"column":5}},{"start":{},"end":{}}],"line":187},"9":{"loc":{"start":{"line":193,"column":4},"end":{"line":198,"column":5}},"type":"if","locations":[{"start":{"line":193,"column":4},"end":{"line":198,"column":5}},{"start":{"line":196,"column":11},"end":{"line":198,"column":5}}],"line":193},"10":{"loc":{"start":{"line":212,"column":16},"end":{"line":212,"column":72}},"type":"cond-expr","locations":[{"start":{"line":212,"column":50},"end":{"line":212,"column":52}},{"start":{"line":212,"column":55},"end":{"line":212,"column":72}}],"line":212},"11":{"loc":{"start":{"line":213,"column":14},"end":{"line":213,"column":58}},"type":"cond-expr","locations":[{"start":{"line":213,"column":42},"end":{"line":213,"column":44}},{"start":{"line":213,"column":47},"end":{"line":213,"column":58}}],"line":213},"12":{"loc":{"start":{"line":228,"column":19},"end":{"line":228,"column":75}},"type":"cond-expr","locations":[{"start":{"line":228,"column":53},"end":{"line":228,"column":55}},{"start":{"line":228,"column":58},"end":{"line":228,"column":75}}],"line":228},"13":{"loc":{"start":{"line":244,"column":14},"end":{"line":244,"column":75}},"type":"cond-expr","locations":[{"start":{"line":244,"column":47},"end":{"line":244,"column":49}},{"start":{"line":244,"column":52},"end":{"line":244,"column":75}}],"line":244},"14":{"loc":{"start":{"line":263,"column":14},"end":{"line":265,"column":48}},"type":"cond-expr","locations":[{"start":{"line":264,"column":18},"end":{"line":264,"column":20}},{"start":{"line":265,"column":18},"end":{"line":265,"column":48}}],"line":263},"15":{"loc":{"start":{"line":281,"column":19},"end":{"line":281,"column":69}},"type":"cond-expr","locations":[{"start":{"line":281,"column":50},"end":{"line":281,"column":52}},{"start":{"line":281,"column":55},"end":{"line":281,"column":69}}],"line":281},"16":{"loc":{"start":{"line":299,"column":21},"end":{"line":299,"column":71}},"type":"cond-expr","locations":[{"start":{"line":299,"column":52},"end":{"line":299,"column":54}},{"start":{"line":299,"column":57},"end":{"line":299,"column":71}}],"line":299},"17":{"loc":{"start":{"line":315,"column":16},"end":{"line":315,"column":78}},"type":"cond-expr","locations":[{"start":{"line":315,"column":49},"end":{"line":315,"column":51}},{"start":{"line":315,"column":54},"end":{"line":315,"column":78}}],"line":315},"18":{"loc":{"start":{"line":326,"column":14},"end":{"line":328,"column":41}},"type":"cond-expr","locations":[{"start":{"line":327,"column":18},"end":{"line":327,"column":36}},{"start":{"line":328,"column":18},"end":{"line":328,"column":41}}],"line":326}},"s":{"0":3,"1":3,"2":3,"3":3,"4":3,"5":3,"6":87,"7":87,"8":87,"9":87,"10":3,"11":87,"12":87,"13":0,"14":0,"15":0,"16":0,"17":0,"18":0,"19":0,"20":0,"21":0,"22":87,"23":7,"24":7,"25":7,"26":7,"27":6,"28":6,"29":1,"30":1,"31":87,"32":6,"33":6,"34":6,"35":6,"36":6,"37":6,"38":0,"39":0,"40":87,"41":28,"42":28,"43":28,"44":28,"45":6,"46":6,"47":22,"48":22,"49":87,"50":26,"51":26,"52":26,"53":26,"54":2,"55":2,"56":24,"57":24,"58":87,"59":12,"60":12,"61":12,"62":12,"63":2,"64":2,"65":10,"66":10,"67":87,"68":2,"69":2,"70":2,"71":2,"72":2,"73":2,"74":2,"75":2,"76":2,"77":2,"78":12,"79":12,"80":0,"81":2,"82":1,"83":1,"84":2,"85":1,"86":2,"87":87},"f":{"0":87,"1":3,"2":85,"3":0,"4":0,"5":0,"6":0,"7":7,"8":7,"9":6,"10":1,"11":6,"12":6,"13":6,"14":0,"15":28,"16":28,"17":6,"18":22,"19":26,"20":26,"21":2,"22":24,"23":12,"24":12,"25":2,"26":10,"27":2},"b":{"0":[0,0],"1":[6,1],"2":[6,0],"3":[6,22],"4":[2,24],"5":[2,10],"6":[12,12],"7":[0,12],"8":[1,1],"9":[1,1],"10":[3,84],"11":[3,84],"12":[3,84],"13":[3,84],"14":[13,74],"15":[3,84],"16":[3,84],"17":[3,84],"18":[86,1]},"_coverageSchema":"1a1c01bbd47fc00a2c39e90264f33305004495a9","hash":"521a89cdc638bb138e08a604792b06769169132e"}
,"/Users/brian/All_My_Codes/COMP_531/HWs/hw5-Pedifax/src/shared/components/UIs/BlackBackground.js": {"path":"/Users/brian/All_My_Codes/COMP_531/HWs/hw5-Pedifax/src/shared/components/UIs/BlackBackground.js","statementMap":{"0":{"start":{"line":4,"column":17},"end":{"line":16,"column":1}},"1":{"start":{"line":6,"column":4},"end":{"line":9,"column":11}},"2":{"start":{"line":12,"column":2},"end":{"line":15,"column":4}}},"fnMap":{"0":{"name":"(anonymous_0)","decl":{"start":{"line":4,"column":17},"end":{"line":4,"column":18}},"loc":{"start":{"line":4,"column":28},"end":{"line":16,"column":1}},"line":4}},"branchMap":{},"s":{"0":2,"1":0,"2":0},"f":{"0":0},"b":{},"_coverageSchema":"1a1c01bbd47fc00a2c39e90264f33305004495a9","hash":"44e1f94cba56caa461cd8f59615602b164487866"}
,"/Users/brian/All_My_Codes/COMP_531/HWs/hw5-Pedifax/src/shared/components/UIs/Button.css": {"path":"/Users/brian/All_My_Codes/COMP_531/HWs/hw5-Pedifax/src/shared/components/UIs/Button.css","statementMap":{"0":{"start":{"line":1,"column":0},"end":{"line":1,"column":20}}},"fnMap":{},"branchMap":{},"s":{"0":4},"f":{},"b":{},"inputSourceMap":null,"_coverageSchema":"1a1c01bbd47fc00a2c39e90264f33305004495a9","hash":"2ead3665e2cb1f295d9175184d3451e1ee522b66"}
,"/Users/brian/All_My_Codes/COMP_531/HWs/hw5-Pedifax/src/shared/components/UIs/Button.js": {"path":"/Users/brian/All_My_Codes/COMP_531/HWs/hw5-Pedifax/src/shared/components/UIs/Button.js","statementMap":{"0":{"start":{"line":9,"column":15},"end":{"line":56,"column":1}},"1":{"start":{"line":10,"column":14},"end":{"line":10,"column":16}},"2":{"start":{"line":18,"column":2},"end":{"line":31,"column":3}},"3":{"start":{"line":20,"column":6},"end":{"line":21,"column":153}},"4":{"start":{"line":22,"column":6},"end":{"line":22,"column":12}},"5":{"start":{"line":25,"column":6},"end":{"line":26,"column":160}},"6":{"start":{"line":27,"column":6},"end":{"line":27,"column":12}},"7":{"start":{"line":29,"column":6},"end":{"line":30,"column":181}},"8":{"start":{"line":34,"column":2},"end":{"line":55,"column":3}},"9":{"start":{"line":35,"column":4},"end":{"line":39,"column":6}},"10":{"start":{"line":43,"column":4},"end":{"line":54,"column":6}}},"fnMap":{"0":{"name":"(anonymous_0)","decl":{"start":{"line":9,"column":15},"end":{"line":9,"column":16}},"loc":{"start":{"line":9,"column":26},"end":{"line":56,"column":1}},"line":9}},"branchMap":{"0":{"loc":{"start":{"line":18,"column":2},"end":{"line":31,"column":3}},"type":"switch","locations":[{"start":{"line":19,"column":4},"end":{"line":22,"column":12}},{"start":{"line":23,"column":4},"end":{"line":23,"column":19}},{"start":{"line":24,"column":4},"end":{"line":27,"column":12}},{"start":{"line":28,"column":4},"end":{"line":30,"column":181}}],"line":18},"1":{"loc":{"start":{"line":34,"column":2},"end":{"line":55,"column":3}},"type":"if","locations":[{"start":{"line":34,"column":2},"end":{"line":55,"column":3}},{"start":{"line":42,"column":7},"end":{"line":55,"column":3}}],"line":34},"2":{"loc":{"start":{"line":36,"column":33},"end":{"line":36,"column":52}},"type":"binary-expr","locations":[{"start":{"line":36,"column":33},"end":{"line":36,"column":44}},{"start":{"line":36,"column":48},"end":{"line":36,"column":52}}],"line":36}},"s":{"0":4,"1":2461,"2":2461,"3":807,"4":807,"5":717,"6":717,"7":937,"8":2461,"9":0,"10":2461},"f":{"0":2461},"b":{"0":[807,572,717,937],"1":[0,2461],"2":[0,0]},"_coverageSchema":"1a1c01bbd47fc00a2c39e90264f33305004495a9","hash":"b0f7ba99ac9980c7337ed26da1961461a94f0afe"}
,"/Users/brian/All_My_Codes/COMP_531/HWs/hw5-Pedifax/src/shared/components/UserCard/FollowingCard.js": {"path":"/Users/brian/All_My_Codes/COMP_531/HWs/hw5-Pedifax/src/shared/components/UserCard/FollowingCard.js","statementMap":{"0":{"start":{"line":5,"column":22},"end":{"line":42,"column":1}},"1":{"start":{"line":6,"column":16},"end":{"line":6,"column":24}},"2":{"start":{"line":7,"column":17},"end":{"line":7,"column":42}},"3":{"start":{"line":10,"column":4},"end":{"line":38,"column":21}},"4":{"start":{"line":30,"column":14},"end":{"line":30,"column":41}},"5":{"start":{"line":41,"column":2},"end":{"line":41,"column":17}}},"fnMap":{"0":{"name":"(anonymous_0)","decl":{"start":{"line":5,"column":22},"end":{"line":5,"column":23}},"loc":{"start":{"line":5,"column":33},"end":{"line":42,"column":1}},"line":5},"1":{"name":"(anonymous_1)","decl":{"start":{"line":29,"column":21},"end":{"line":29,"column":22}},"loc":{"start":{"line":29,"column":27},"end":{"line":31,"column":13}},"line":29}},"branchMap":{},"s":{"0":3,"1":90,"2":90,"3":90,"4":1,"5":90},"f":{"0":90,"1":1},"b":{},"_coverageSchema":"1a1c01bbd47fc00a2c39e90264f33305004495a9","hash":"ffd9c0dd033785ecc285fb210fcf0d62f71bda08"}
,"/Users/brian/All_My_Codes/COMP_531/HWs/hw5-Pedifax/src/shared/components/UserCard/UserCard.js": {"path":"/Users/brian/All_My_Codes/COMP_531/HWs/hw5-Pedifax/src/shared/components/UserCard/UserCard.js","statementMap":{"0":{"start":{"line":5,"column":17},"end":{"line":60,"column":1}},"1":{"start":{"line":6,"column":22},"end":{"line":6,"column":71}},"2":{"start":{"line":7,"column":30},"end":{"line":7,"column":51}},"3":{"start":{"line":8,"column":50},"end":{"line":8,"column":62}},"4":{"start":{"line":9,"column":34},"end":{"line":11,"column":3}},"5":{"start":{"line":10,"column":4},"end":{"line":10,"column":43}},"6":{"start":{"line":12,"column":30},"end":{"line":18,"column":3}},"7":{"start":{"line":13,"column":4},"end":{"line":17,"column":5}},"8":{"start":{"line":14,"column":6},"end":{"line":14,"column":46}},"9":{"start":{"line":15,"column":6},"end":{"line":15,"column":35}},"10":{"start":{"line":16,"column":6},"end":{"line":16,"column":29}},"11":{"start":{"line":20,"column":16},"end":{"line":20,"column":24}},"12":{"start":{"line":21,"column":17},"end":{"line":21,"column":42}},"13":{"start":{"line":24,"column":4},"end":{"line":56,"column":21}},"14":{"start":{"line":59,"column":2},"end":{"line":59,"column":17}}},"fnMap":{"0":{"name":"(anonymous_0)","decl":{"start":{"line":5,"column":17},"end":{"line":5,"column":18}},"loc":{"start":{"line":5,"column":28},"end":{"line":60,"column":1}},"line":5},"1":{"name":"(anonymous_1)","decl":{"start":{"line":9,"column":34},"end":{"line":9,"column":35}},"loc":{"start":{"line":9,"column":45},"end":{"line":11,"column":3}},"line":9},"2":{"name":"(anonymous_2)","decl":{"start":{"line":12,"column":30},"end":{"line":12,"column":31}},"loc":{"start":{"line":12,"column":36},"end":{"line":18,"column":3}},"line":12}},"branchMap":{"0":{"loc":{"start":{"line":6,"column":22},"end":{"line":6,"column":71}},"type":"cond-expr","locations":[{"start":{"line":6,"column":37},"end":{"line":6,"column":49}},{"start":{"line":6,"column":52},"end":{"line":6,"column":71}}],"line":6},"1":{"loc":{"start":{"line":13,"column":4},"end":{"line":17,"column":5}},"type":"if","locations":[{"start":{"line":13,"column":4},"end":{"line":17,"column":5}},{"start":{},"end":{}}],"line":13}},"s":{"0":3,"1":30,"2":30,"3":30,"4":30,"5":0,"6":30,"7":0,"8":0,"9":0,"10":0,"11":30,"12":30,"13":30,"14":30},"f":{"0":30,"1":0,"2":0},"b":{"0":[30,0],"1":[0,0]},"_coverageSchema":"1a1c01bbd47fc00a2c39e90264f33305004495a9","hash":"0bfa673f27bf04ba5c3e905edd0c64e6d05ea39f"}
,"/Users/brian/All_My_Codes/COMP_531/HWs/hw5-Pedifax/src/shared/components/UserCard/UserCardForUpdate.js": {"path":"/Users/brian/All_My_Codes/COMP_531/HWs/hw5-Pedifax/src/shared/components/UserCard/UserCardForUpdate.js","statementMap":{"0":{"start":{"line":5,"column":26},"end":{"line":73,"column":1}},"1":{"start":{"line":6,"column":22},"end":{"line":6,"column":79}},"2":{"start":{"line":7,"column":30},"end":{"line":7,"column":51}},"3":{"start":{"line":8,"column":50},"end":{"line":8,"column":62}},"4":{"start":{"line":9,"column":34},"end":{"line":11,"column":3}},"5":{"start":{"line":10,"column":4},"end":{"line":10,"column":43}},"6":{"start":{"line":12,"column":30},"end":{"line":15,"column":3}},"7":{"start":{"line":13,"column":4},"end":{"line":13,"column":33}},"8":{"start":{"line":14,"column":4},"end":{"line":14,"column":27}},"9":{"start":{"line":17,"column":24},"end":{"line":17,"column":32}},"10":{"start":{"line":18,"column":27},"end":{"line":20,"column":3}},"11":{"start":{"line":19,"column":4},"end":{"line":19,"column":34}},"12":{"start":{"line":22,"column":16},"end":{"line":22,"column":24}},"13":{"start":{"line":23,"column":17},"end":{"line":23,"column":42}},"14":{"start":{"line":26,"column":4},"end":{"line":69,"column":21}},"15":{"start":{"line":72,"column":2},"end":{"line":72,"column":17}}},"fnMap":{"0":{"name":"(anonymous_0)","decl":{"start":{"line":5,"column":26},"end":{"line":5,"column":27}},"loc":{"start":{"line":5,"column":37},"end":{"line":73,"column":1}},"line":5},"1":{"name":"(anonymous_1)","decl":{"start":{"line":9,"column":34},"end":{"line":9,"column":35}},"loc":{"start":{"line":9,"column":45},"end":{"line":11,"column":3}},"line":9},"2":{"name":"(anonymous_2)","decl":{"start":{"line":12,"column":30},"end":{"line":12,"column":31}},"loc":{"start":{"line":12,"column":36},"end":{"line":15,"column":3}},"line":12},"3":{"name":"(anonymous_3)","decl":{"start":{"line":18,"column":27},"end":{"line":18,"column":28}},"loc":{"start":{"line":18,"column":33},"end":{"line":20,"column":3}},"line":18}},"branchMap":{"0":{"loc":{"start":{"line":6,"column":22},"end":{"line":6,"column":79}},"type":"cond-expr","locations":[{"start":{"line":6,"column":37},"end":{"line":6,"column":49}},{"start":{"line":6,"column":52},"end":{"line":6,"column":79}}],"line":6}},"s":{"0":3,"1":87,"2":87,"3":87,"4":87,"5":0,"6":87,"7":0,"8":0,"9":87,"10":87,"11":0,"12":87,"13":87,"14":87,"15":87},"f":{"0":87,"1":0,"2":0,"3":0},"b":{"0":[0,87]},"_coverageSchema":"1a1c01bbd47fc00a2c39e90264f33305004495a9","hash":"3d795b1d0bc53867f9ee4567cd5a2dfdb309dc14"}
,"/Users/brian/All_My_Codes/COMP_531/HWs/hw5-Pedifax/src/shared/components/form/Input.js": {"path":"/Users/brian/All_My_Codes/COMP_531/HWs/hw5-Pedifax/src/shared/components/form/Input.js","statementMap":{"0":{"start":{"line":21,"column":2},"end":{"line":21,"column":72}},"1":{"start":{"line":23,"column":2},"end":{"line":23,"column":129}},"2":{"start":{"line":24,"column":25},"end":{"line":24,"column":68}},"3":{"start":{"line":26,"column":21},"end":{"line":43,"column":1}},"4":{"start":{"line":27,"column":2},"end":{"line":42,"column":3}},"5":{"start":{"line":29,"column":6},"end":{"line":34,"column":8}},"6":{"start":{"line":36,"column":6},"end":{"line":39,"column":8}},"7":{"start":{"line":41,"column":6},"end":{"line":41,"column":19}},"8":{"start":{"line":46,"column":14},"end":{"line":121,"column":1}},"9":{"start":{"line":47,"column":33},"end":{"line":57,"column":4}},"10":{"start":{"line":59,"column":26},"end":{"line":59,"column":31}},"11":{"start":{"line":60,"column":29},"end":{"line":60,"column":39}},"12":{"start":{"line":63,"column":2},"end":{"line":65,"column":36}},"13":{"start":{"line":64,"column":4},"end":{"line":64,"column":32}},"14":{"start":{"line":67,"column":24},"end":{"line":73,"column":3}},"15":{"start":{"line":68,"column":4},"end":{"line":72,"column":7}},"16":{"start":{"line":75,"column":23},"end":{"line":79,"column":3}},"17":{"start":{"line":76,"column":4},"end":{"line":78,"column":7}},"18":{"start":{"line":82,"column":4},"end":{"line":103,"column":5}},"19":{"start":{"line":105,"column":2},"end":{"line":120,"column":4}}},"fnMap":{"0":{"name":"(anonymous_0)","decl":{"start":{"line":26,"column":21},"end":{"line":26,"column":22}},"loc":{"start":{"line":26,"column":40},"end":{"line":43,"column":1}},"line":26},"1":{"name":"(anonymous_1)","decl":{"start":{"line":46,"column":14},"end":{"line":46,"column":15}},"loc":{"start":{"line":46,"column":25},"end":{"line":121,"column":1}},"line":46},"2":{"name":"(anonymous_2)","decl":{"start":{"line":63,"column":12},"end":{"line":63,"column":13}},"loc":{"start":{"line":63,"column":18},"end":{"line":65,"column":3}},"line":63},"3":{"name":"(anonymous_3)","decl":{"start":{"line":67,"column":24},"end":{"line":67,"column":25}},"loc":{"start":{"line":67,"column":35},"end":{"line":73,"column":3}},"line":67},"4":{"name":"(anonymous_4)","decl":{"start":{"line":75,"column":23},"end":{"line":75,"column":24}},"loc":{"start":{"line":75,"column":29},"end":{"line":79,"column":3}},"line":75}},"branchMap":{"0":{"loc":{"start":{"line":27,"column":2},"end":{"line":42,"column":3}},"type":"switch","locations":[{"start":{"line":28,"column":4},"end":{"line":34,"column":8}},{"start":{"line":35,"column":4},"end":{"line":39,"column":8}},{"start":{"line":40,"column":4},"end":{"line":41,"column":19}}],"line":27},"1":{"loc":{"start":{"line":82,"column":4},"end":{"line":103,"column":5}},"type":"cond-expr","locations":[{"start":{"line":83,"column":6},"end":{"line":92,"column":8}},{"start":{"line":94,"column":6},"end":{"line":102,"column":8}}],"line":82},"2":{"loc":{"start":{"line":97,"column":14},"end":{"line":97,"column":29}},"type":"binary-expr","locations":[{"start":{"line":97,"column":14},"end":{"line":97,"column":24}},{"start":{"line":97,"column":28},"end":{"line":97,"column":29}}],"line":97},"3":{"loc":{"start":{"line":112,"column":10},"end":{"line":112,"column":72}},"type":"cond-expr","locations":[{"start":{"line":112,"column":56},"end":{"line":112,"column":67}},{"start":{"line":112,"column":70},"end":{"line":112,"column":72}}],"line":112},"4":{"loc":{"start":{"line":112,"column":10},"end":{"line":112,"column":53}},"type":"binary-expr","locations":[{"start":{"line":112,"column":10},"end":{"line":112,"column":28}},{"start":{"line":112,"column":32},"end":{"line":112,"column":53}}],"line":112}},"s":{"0":2,"1":2,"2":2,"3":2,"4":90,"5":80,"6":10,"7":0,"8":2,"9":502,"10":502,"11":502,"12":502,"13":110,"14":502,"15":80,"16":502,"17":10,"18":502,"19":502},"f":{"0":90,"1":502,"2":110,"3":80,"4":10},"b":{"0":[80,10,0],"1":[502,0],"2":[0,0],"3":[502,0],"4":[502,221]},"_coverageSchema":"1a1c01bbd47fc00a2c39e90264f33305004495a9","hash":"ff5beafa84fd3488069a6f1179a9654df7d8c515"}
,"/Users/brian/All_My_Codes/COMP_531/HWs/hw5-Pedifax/src/shared/components/navigations/NavigationBar.js": {"path":"/Users/brian/All_My_Codes/COMP_531/HWs/hw5-Pedifax/src/shared/components/navigations/NavigationBar.js","statementMap":{"0":{"start":{"line":8,"column":22},"end":{"line":98,"column":1}},"1":{"start":{"line":9,"column":22},"end":{"line":9,"column":44}},"2":{"start":{"line":10,"column":44},"end":{"line":10,"column":59}},"3":{"start":{"line":12,"column":28},"end":{"line":14,"column":3}},"4":{"start":{"line":13,"column":4},"end":{"line":13,"column":26}},"5":{"start":{"line":16,"column":29},"end":{"line":18,"column":3}},"6":{"start":{"line":17,"column":4},"end":{"line":17,"column":27}},"7":{"start":{"line":20,"column":2},"end":{"line":97,"column":4}}},"fnMap":{"0":{"name":"(anonymous_0)","decl":{"start":{"line":8,"column":22},"end":{"line":8,"column":23}},"loc":{"start":{"line":8,"column":28},"end":{"line":98,"column":1}},"line":8},"1":{"name":"(anonymous_1)","decl":{"start":{"line":12,"column":28},"end":{"line":12,"column":29}},"loc":{"start":{"line":12,"column":34},"end":{"line":14,"column":3}},"line":12},"2":{"name":"(anonymous_2)","decl":{"start":{"line":16,"column":29},"end":{"line":16,"column":30}},"loc":{"start":{"line":16,"column":35},"end":{"line":18,"column":3}},"line":16}},"branchMap":{"0":{"loc":{"start":{"line":22,"column":7},"end":{"line":22,"column":73}},"type":"binary-expr","locations":[{"start":{"line":22,"column":7},"end":{"line":22,"column":21}},{"start":{"line":22,"column":25},"end":{"line":22,"column":73}}],"line":22},"1":{"loc":{"start":{"line":23,"column":7},"end":{"line":25,"column":7}},"type":"binary-expr","locations":[{"start":{"line":23,"column":7},"end":{"line":23,"column":21}},{"start":{"line":24,"column":8},"end":{"line":24,"column":66}}],"line":23},"2":{"loc":{"start":{"line":50,"column":11},"end":{"line":58,"column":11}},"type":"binary-expr","locations":[{"start":{"line":50,"column":11},"end":{"line":50,"column":33}},{"start":{"line":51,"column":12},"end":{"line":57,"column":21}}],"line":50}},"s":{"0":2,"1":7,"2":7,"3":7,"4":0,"5":7,"6":0,"7":7},"f":{"0":7,"1":0,"2":0},"b":{"0":[7,0],"1":[7,0],"2":[7,2]},"_coverageSchema":"1a1c01bbd47fc00a2c39e90264f33305004495a9","hash":"f363da9307917dd10c4e6bbe2d886cf6427a796b"}
,"/Users/brian/All_My_Codes/COMP_531/HWs/hw5-Pedifax/src/shared/components/navigations/SideDrawer.js": {"path":"/Users/brian/All_My_Codes/COMP_531/HWs/hw5-Pedifax/src/shared/components/navigations/SideDrawer.js","statementMap":{"0":{"start":{"line":6,"column":19},"end":{"line":91,"column":1}},"1":{"start":{"line":7,"column":22},"end":{"line":7,"column":44}},"2":{"start":{"line":10,"column":4},"end":{"line":84,"column":10}},"3":{"start":{"line":74,"column":20},"end":{"line":74,"column":41}},"4":{"start":{"line":87,"column":2},"end":{"line":90,"column":4}}},"fnMap":{"0":{"name":"(anonymous_0)","decl":{"start":{"line":6,"column":19},"end":{"line":6,"column":20}},"loc":{"start":{"line":6,"column":30},"end":{"line":91,"column":1}},"line":6},"1":{"name":"(anonymous_1)","decl":{"start":{"line":73,"column":27},"end":{"line":73,"column":28}},"loc":{"start":{"line":73,"column":33},"end":{"line":75,"column":19}},"line":73}},"branchMap":{"0":{"loc":{"start":{"line":70,"column":15},"end":{"line":79,"column":15}},"type":"binary-expr","locations":[{"start":{"line":70,"column":15},"end":{"line":70,"column":37}},{"start":{"line":71,"column":16},"end":{"line":78,"column":25}}],"line":70}},"s":{"0":2,"1":0,"2":0,"3":0,"4":0},"f":{"0":0,"1":0},"b":{"0":[0,0]},"_coverageSchema":"1a1c01bbd47fc00a2c39e90264f33305004495a9","hash":"deda0843d1e4e5b140b2ff8ce4a9cb2de0bbbe20"}
,"/Users/brian/All_My_Codes/COMP_531/HWs/hw5-Pedifax/src/shared/context/app-context.js": {"path":"/Users/brian/All_My_Codes/COMP_531/HWs/hw5-Pedifax/src/shared/context/app-context.js","statementMap":{"0":{"start":{"line":3,"column":26},"end":{"line":20,"column":2}},"1":{"start":{"line":9,"column":4},"end":{"line":9,"column":27}}},"fnMap":{"0":{"name":"(anonymous_0)","decl":{"start":{"line":8,"column":9},"end":{"line":8,"column":10}},"loc":{"start":{"line":8,"column":15},"end":{"line":10,"column":3}},"line":8},"1":{"name":"(anonymous_1)","decl":{"start":{"line":11,"column":10},"end":{"line":11,"column":11}},"loc":{"start":{"line":11,"column":16},"end":{"line":11,"column":18}},"line":11},"2":{"name":"(anonymous_2)","decl":{"start":{"line":15,"column":11},"end":{"line":15,"column":12}},"loc":{"start":{"line":15,"column":17},"end":{"line":15,"column":19}},"line":15},"3":{"name":"(anonymous_3)","decl":{"start":{"line":19,"column":11},"end":{"line":19,"column":12}},"loc":{"start":{"line":19,"column":17},"end":{"line":19,"column":19}},"line":19}},"branchMap":{},"s":{"0":2,"1":0},"f":{"0":0,"1":0,"2":0,"3":0},"b":{},"_coverageSchema":"1a1c01bbd47fc00a2c39e90264f33305004495a9","hash":"70982891e4ef4f10d1b91912f30e552dd9c1e674"}
,"/Users/brian/All_My_Codes/COMP_531/HWs/hw5-Pedifax/src/shared/hooks/form-state-hook.js": {"path":"/Users/brian/All_My_Codes/COMP_531/HWs/hw5-Pedifax/src/shared/hooks/form-state-hook.js","statementMap":{"0":{"start":{"line":3,"column":25},"end":{"line":38,"column":1}},"1":{"start":{"line":4,"column":2},"end":{"line":37,"column":3}},"2":{"start":{"line":6,"column":27},"end":{"line":6,"column":31}},"3":{"start":{"line":7,"column":6},"end":{"line":20,"column":7}},"4":{"start":{"line":11,"column":8},"end":{"line":13,"column":9}},"5":{"start":{"line":12,"column":10},"end":{"line":12,"column":19}},"6":{"start":{"line":14,"column":8},"end":{"line":19,"column":9}},"7":{"start":{"line":16,"column":10},"end":{"line":16,"column":60}},"8":{"start":{"line":18,"column":10},"end":{"line":18,"column":75}},"9":{"start":{"line":21,"column":6},"end":{"line":28,"column":8}},"10":{"start":{"line":31,"column":6},"end":{"line":34,"column":8}},"11":{"start":{"line":36,"column":6},"end":{"line":36,"column":19}},"12":{"start":{"line":40,"column":28},"end":{"line":77,"column":1}},"13":{"start":{"line":41,"column":32},"end":{"line":47,"column":4}},"14":{"start":{"line":49,"column":18},"end":{"line":55,"column":8}},"15":{"start":{"line":50,"column":4},"end":{"line":54,"column":7}},"16":{"start":{"line":57,"column":23},"end":{"line":74,"column":8}},"17":{"start":{"line":58,"column":4},"end":{"line":63,"column":7}},"18":{"start":{"line":76,"column":2},"end":{"line":76,"column":44}}},"fnMap":{"0":{"name":"(anonymous_0)","decl":{"start":{"line":3,"column":25},"end":{"line":3,"column":26}},"loc":{"start":{"line":3,"column":44},"end":{"line":38,"column":1}},"line":3},"1":{"name":"(anonymous_1)","decl":{"start":{"line":40,"column":28},"end":{"line":40,"column":29}},"loc":{"start":{"line":40,"column":72},"end":{"line":77,"column":1}},"line":40},"2":{"name":"(anonymous_2)","decl":{"start":{"line":49,"column":30},"end":{"line":49,"column":31}},"loc":{"start":{"line":49,"column":60},"end":{"line":55,"column":3}},"line":49},"3":{"name":"(anonymous_3)","decl":{"start":{"line":57,"column":35},"end":{"line":57,"column":36}},"loc":{"start":{"line":57,"column":59},"end":{"line":74,"column":3}},"line":57}},"branchMap":{"0":{"loc":{"start":{"line":4,"column":2},"end":{"line":37,"column":3}},"type":"switch","locations":[{"start":{"line":5,"column":4},"end":{"line":28,"column":8}},{"start":{"line":30,"column":4},"end":{"line":34,"column":8}},{"start":{"line":35,"column":4},"end":{"line":36,"column":19}}],"line":4},"1":{"loc":{"start":{"line":11,"column":8},"end":{"line":13,"column":9}},"type":"if","locations":[{"start":{"line":11,"column":8},"end":{"line":13,"column":9}},{"start":{},"end":{}}],"line":11},"2":{"loc":{"start":{"line":14,"column":8},"end":{"line":19,"column":9}},"type":"if","locations":[{"start":{"line":14,"column":8},"end":{"line":19,"column":9}},{"start":{"line":17,"column":15},"end":{"line":19,"column":9}}],"line":14},"3":{"loc":{"start":{"line":16,"column":27},"end":{"line":16,"column":59}},"type":"binary-expr","locations":[{"start":{"line":16,"column":27},"end":{"line":16,"column":41}},{"start":{"line":16,"column":45},"end":{"line":16,"column":59}}],"line":16},"4":{"loc":{"start":{"line":18,"column":27},"end":{"line":18,"column":74}},"type":"binary-expr","locations":[{"start":{"line":18,"column":27},"end":{"line":18,"column":41}},{"start":{"line":18,"column":45},"end":{"line":18,"column":74}}],"line":18}},"s":{"0":2,"1":112,"2":108,"3":108,"4":648,"5":242,"6":406,"7":96,"8":310,"9":108,"10":4,"11":0,"12":2,"13":107,"14":107,"15":4,"16":107,"17":110,"18":107},"f":{"0":112,"1":107,"2":4,"3":110},"b":{"0":[108,4,0],"1":[242,406],"2":[96,310],"3":[96,88],"4":[310,198]},"_coverageSchema":"1a1c01bbd47fc00a2c39e90264f33305004495a9","hash":"7edcb9ae0216fd39c6a5c89e2f35e05585be70d8"}
,"/Users/brian/All_My_Codes/COMP_531/HWs/hw5-Pedifax/src/shared/hooks/http-request-hook.js": {"path":"/Users/brian/All_My_Codes/COMP_531/HWs/hw5-Pedifax/src/shared/hooks/http-request-hook.js","statementMap":{"0":{"start":{"line":3,"column":30},"end":{"line":57,"column":1}},"1":{"start":{"line":4,"column":36},"end":{"line":4,"column":51}},"2":{"start":{"line":5,"column":28},"end":{"line":5,"column":38}},"3":{"start":{"line":7,"column":29},"end":{"line":7,"column":39}},"4":{"start":{"line":9,"column":22},"end":{"line":44,"column":3}},"5":{"start":{"line":11,"column":6},"end":{"line":11,"column":25}},"6":{"start":{"line":12,"column":28},"end":{"line":12,"column":49}},"7":{"start":{"line":13,"column":6},"end":{"line":13,"column":53}},"8":{"start":{"line":15,"column":6},"end":{"line":40,"column":7}},"9":{"start":{"line":16,"column":25},"end":{"line":21,"column":10}},"10":{"start":{"line":23,"column":29},"end":{"line":23,"column":50}},"11":{"start":{"line":26,"column":8},"end":{"line":28,"column":10}},"12":{"start":{"line":27,"column":23},"end":{"line":27,"column":48}},"13":{"start":{"line":30,"column":8},"end":{"line":32,"column":9}},"14":{"start":{"line":31,"column":10},"end":{"line":31,"column":48}},"15":{"start":{"line":34,"column":8},"end":{"line":34,"column":28}},"16":{"start":{"line":35,"column":8},"end":{"line":35,"column":28}},"17":{"start":{"line":37,"column":8},"end":{"line":37,"column":30}},"18":{"start":{"line":38,"column":8},"end":{"line":38,"column":28}},"19":{"start":{"line":39,"column":8},"end":{"line":39,"column":18}},"20":{"start":{"line":46,"column":21},"end":{"line":48,"column":3}},"21":{"start":{"line":47,"column":4},"end":{"line":47,"column":19}},"22":{"start":{"line":50,"column":2},"end":{"line":54,"column":9}},"23":{"start":{"line":51,"column":4},"end":{"line":53,"column":6}},"24":{"start":{"line":52,"column":6},"end":{"line":52,"column":75}},"25":{"start":{"line":52,"column":56},"end":{"line":52,"column":73}},"26":{"start":{"line":56,"column":2},"end":{"line":56,"column":55}}},"fnMap":{"0":{"name":"(anonymous_0)","decl":{"start":{"line":3,"column":30},"end":{"line":3,"column":31}},"loc":{"start":{"line":3,"column":36},"end":{"line":57,"column":1}},"line":3},"1":{"name":"(anonymous_1)","decl":{"start":{"line":10,"column":4},"end":{"line":10,"column":5}},"loc":{"start":{"line":10,"column":62},"end":{"line":41,"column":5}},"line":10},"2":{"name":"(anonymous_2)","decl":{"start":{"line":27,"column":10},"end":{"line":27,"column":11}},"loc":{"start":{"line":27,"column":23},"end":{"line":27,"column":48}},"line":27},"3":{"name":"(anonymous_3)","decl":{"start":{"line":46,"column":21},"end":{"line":46,"column":22}},"loc":{"start":{"line":46,"column":27},"end":{"line":48,"column":3}},"line":46},"4":{"name":"(anonymous_4)","decl":{"start":{"line":50,"column":12},"end":{"line":50,"column":13}},"loc":{"start":{"line":50,"column":18},"end":{"line":54,"column":3}},"line":50},"5":{"name":"(anonymous_5)","decl":{"start":{"line":51,"column":11},"end":{"line":51,"column":12}},"loc":{"start":{"line":51,"column":17},"end":{"line":53,"column":5}},"line":51},"6":{"name":"(anonymous_6)","decl":{"start":{"line":52,"column":41},"end":{"line":52,"column":42}},"loc":{"start":{"line":52,"column":56},"end":{"line":52,"column":73}},"line":52}},"branchMap":{"0":{"loc":{"start":{"line":10,"column":16},"end":{"line":10,"column":30}},"type":"default-arg","locations":[{"start":{"line":10,"column":25},"end":{"line":10,"column":30}}],"line":10},"1":{"loc":{"start":{"line":10,"column":32},"end":{"line":10,"column":43}},"type":"default-arg","locations":[{"start":{"line":10,"column":39},"end":{"line":10,"column":43}}],"line":10},"2":{"loc":{"start":{"line":10,"column":45},"end":{"line":10,"column":57}},"type":"default-arg","locations":[{"start":{"line":10,"column":55},"end":{"line":10,"column":57}}],"line":10},"3":{"loc":{"start":{"line":30,"column":8},"end":{"line":32,"column":9}},"type":"if","locations":[{"start":{"line":30,"column":8},"end":{"line":32,"column":9}},{"start":{},"end":{}}],"line":30}},"s":{"0":2,"1":107,"2":107,"3":107,"4":107,"5":18,"6":18,"7":18,"8":18,"9":18,"10":4,"11":4,"12":6,"13":4,"14":0,"15":4,"16":4,"17":12,"18":12,"19":12,"20":107,"21":0,"22":107,"23":9,"24":9,"25":14,"26":107},"f":{"0":107,"1":18,"2":6,"3":0,"4":9,"5":9,"6":14},"b":{"0":[18],"1":[18],"2":[18],"3":[0,4]},"_coverageSchema":"1a1c01bbd47fc00a2c39e90264f33305004495a9","hash":"189c7cadf9fe9ea963afdec5fbf012dc99f93ed4"}
}
