TN:
SF:src/App.js
FN:14,(anonymous_0)
FN:17,(anonymous_1)
FN:22,(anonymous_2)
FN:30,(anonymous_3)
FNF:4
FNH:4
FNDA:7,(anonymous_0)
FNDA:2,(anonymous_1)
FNDA:1,(anonymous_2)
FNDA:4,(anonymous_3)
DA:14,2
DA:15,7
DA:16,7
DA:17,7
DA:18,2
DA:19,2
DA:20,2
DA:22,7
DA:23,1
DA:24,1
DA:25,1
DA:26,1
DA:27,1
DA:30,7
DA:31,4
DA:32,4
DA:33,1
DA:39,7
DA:40,2
DA:58,5
DA:69,7
LF:21
LH:21
BRDA:32,0,0,1
BRDA:32,0,1,3
BRDA:39,1,0,2
BRDA:39,1,1,5
BRF:4
BRH:4
end_of_record
TN:
SF:src/auth/pages/Auth.js
FN:12,(anonymous_0)
FN:22,(anonymous_1)
FN:23,(anonymous_2)
FN:34,(anonymous_3)
FN:35,(anonymous_4)
FN:100,(anonymous_5)
FN:131,(anonymous_6)
FN:139,(anonymous_7)
FN:140,(anonymous_8)
FN:147,(anonymous_9)
FN:189,(anonymous_10)
FNF:11
FNH:11
FNDA:107,(anonymous_0)
FNDA:9,(anonymous_1)
FNDA:9,(anonymous_2)
FNDA:9,(anonymous_3)
FNDA:9,(anonymous_4)
FNDA:4,(anonymous_5)
FNDA:4,(anonymous_6)
FNDA:1,(anonymous_7)
FNDA:10,(anonymous_8)
FNDA:3,(anonymous_9)
FNDA:20,(anonymous_10)
DA:10,2
DA:12,2
DA:13,107
DA:14,107
DA:15,107
DA:16,107
DA:17,107
DA:18,107
DA:19,107
DA:20,107
DA:22,107
DA:23,9
DA:24,9
DA:25,9
DA:28,2
DA:31,9
DA:34,107
DA:35,9
DA:36,9
DA:37,9
DA:41,2
DA:44,9
DA:47,107
DA:100,107
DA:101,4
DA:103,1
DA:104,1
DA:116,1
DA:117,1
DA:121,3
DA:127,3
DA:129,4
DA:131,4
DA:139,107
DA:140,10
DA:141,1
DA:142,0
DA:144,1
DA:147,107
DA:148,3
DA:150,3
DA:153,3
DA:156,3
DA:163,0
DA:169,0
DA:170,0
DA:171,0
DA:173,3
DA:174,3
DA:178,3
DA:181,3
DA:182,2
DA:188,2
DA:190,20
DA:194,2
DA:195,1
DA:199,1
DA:204,1
DA:208,1
DA:209,1
DA:212,2
DA:216,1
DA:217,1
DA:222,1
DA:223,1
DA:224,0
DA:225,0
DA:226,0
DA:229,1
DA:246,1
DA:248,1
DA:258,107
LF:72
LH:64
BRDA:101,0,0,1
BRDA:101,0,1,3
BRDA:113,1,0,1
BRDA:113,1,1,0
BRDA:141,2,0,0
BRDA:141,2,1,1
BRDA:153,3,0,0
BRDA:153,3,1,3
BRDA:156,4,0,0
BRDA:156,4,1,3
BRDA:157,5,0,3
BRDA:157,5,1,1
BRDA:157,5,2,1
BRDA:157,5,3,1
BRDA:181,6,0,2
BRDA:181,6,1,1
BRDA:190,7,0,20
BRDA:190,7,1,2
BRDA:194,8,0,1
BRDA:194,8,1,1
BRDA:216,9,0,1
BRDA:216,9,1,0
BRDA:223,10,0,0
BRDA:223,10,1,1
BRDA:264,11,0,57
BRDA:264,11,1,50
BRDA:294,12,0,107
BRDA:294,12,1,50
BRDA:307,13,0,107
BRDA:307,13,1,50
BRDA:320,14,0,107
BRDA:320,14,1,50
BRDA:354,15,0,1
BRDA:354,15,1,106
BRDA:354,16,0,107
BRDA:354,16,1,107
BRDA:354,16,2,106
BRDA:368,17,0,57
BRDA:368,17,1,50
BRDA:371,18,0,57
BRDA:371,18,1,50
BRF:41
BRH:35
end_of_record
TN:
SF:src/main/components/followingBox/AddFollowingBar.js
FN:5,(anonymous_0)
FN:8,(anonymous_1)
FN:12,(anonymous_2)
FN:33,(anonymous_3)
FNF:4
FNH:4
FNDA:36,(anonymous_0)
FNDA:6,(anonymous_1)
FNDA:1,(anonymous_2)
FNDA:1,(anonymous_3)
DA:5,3
DA:6,36
DA:8,36
DA:9,6
DA:12,36
DA:13,1
DA:14,1
DA:15,1
DA:20,36
DA:34,1
DA:45,36
LF:11
LH:11
BRDA:14,0,0,1
BRDA:14,0,1,0
BRF:2
BRH:1
end_of_record
TN:
SF:src/main/components/followingBox/FollowingArea.js
FN:10,(anonymous_0)
FN:12,(anonymous_1)
FN:19,(anonymous_2)
FN:39,(anonymous_3)
FN:40,(anonymous_4)
FN:41,(anonymous_5)
FN:45,(anonymous_6)
FN:54,(anonymous_7)
FN:55,(anonymous_8)
FN:102,(anonymous_9)
FNF:10
FNH:9
FNDA:30,(anonymous_0)
FNDA:0,(anonymous_1)
FNDA:1,(anonymous_2)
FNDA:1,(anonymous_3)
FNDA:1,(anonymous_4)
FNDA:3,(anonymous_5)
FNDA:3,(anonymous_6)
FNDA:1,(anonymous_7)
FNDA:10,(anonymous_8)
FNDA:90,(anonymous_9)
DA:10,3
DA:11,30
DA:12,30
DA:13,0
DA:14,0
DA:15,0
DA:16,0
DA:19,30
DA:20,1
DA:24,30
DA:28,30
DA:30,30
DA:31,30
DA:32,30
DA:33,30
DA:34,30
DA:35,30
DA:37,30
DA:39,30
DA:40,1
DA:41,3
DA:43,1
DA:44,1
DA:45,3
DA:47,1
DA:51,1
DA:54,30
DA:55,10
DA:58,1
DA:59,1
DA:60,1
DA:61,1
DA:64,1
DA:65,0
DA:66,0
DA:69,1
DA:70,1
DA:72,1
DA:73,1
DA:80,1
DA:81,1
DA:82,1
DA:85,0
DA:86,0
DA:90,30
DA:103,90
LF:46
LH:38
BRDA:13,0,0,0
BRDA:13,0,1,0
BRDA:15,1,0,0
BRDA:15,1,1,0
BRDA:31,2,0,30
BRDA:31,2,1,0
BRDA:58,3,0,1
BRDA:58,3,1,0
BRDA:64,4,0,0
BRDA:64,4,1,1
BRDA:94,5,0,30
BRDA:94,5,1,0
BRF:12
BRH:4
end_of_record
TN:
SF:src/main/components/posts/NewArticle.js
FN:4,(anonymous_0)
FN:8,(anonymous_1)
FN:10,(anonymous_2)
FN:14,(anonymous_3)
FN:19,(anonymous_4)
FN:20,(anonymous_5)
FN:24,(anonymous_6)
FN:28,(anonymous_7)
FN:34,(anonymous_8)
FNF:9
FNH:6
FNDA:1,(anonymous_0)
FNDA:145,(anonymous_1)
FNDA:90,(anonymous_2)
FNDA:25,(anonymous_3)
FNDA:0,(anonymous_4)
FNDA:0,(anonymous_5)
FNDA:0,(anonymous_6)
FNDA:1,(anonymous_7)
FNDA:1,(anonymous_8)
DA:4,3
DA:5,1
DA:8,3
DA:9,145
DA:10,145
DA:11,90
DA:13,145
DA:14,145
DA:15,25
DA:18,145
DA:19,145
DA:20,0
DA:23,145
DA:24,145
DA:25,0
DA:28,145
DA:30,1
DA:31,1
DA:34,145
DA:35,1
DA:36,1
DA:37,0
DA:40,1
DA:41,1
DA:42,1
DA:44,1
DA:55,1
DA:56,1
DA:59,145
LF:29
LH:26
BRDA:36,0,0,0
BRDA:36,0,1,1
BRF:2
BRH:1
end_of_record
TN:
SF:src/main/components/posts/PostItem.js
FN:5,(anonymous_0)
FN:7,(anonymous_1)
FN:8,(anonymous_2)
FN:11,(anonymous_3)
FN:14,(anonymous_4)
FN:104,(anonymous_5)
FNF:6
FNH:4
FNDA:572,(anonymous_0)
FNDA:1,(anonymous_1)
FNDA:1,(anonymous_2)
FNDA:0,(anonymous_3)
FNDA:0,(anonymous_4)
FNDA:571,(anonymous_5)
DA:5,3
DA:6,572
DA:7,572
DA:8,1
DA:11,572
DA:14,572
DA:18,572
DA:20,572
DA:104,3
DA:105,571
LF:10
LH:10
BRDA:37,0,0,572
BRDA:37,0,1,572
BRDA:66,1,0,572
BRDA:66,1,1,1
BRDA:85,2,0,1
BRDA:85,2,1,571
BRF:6
BRH:6
end_of_record
TN:
SF:src/main/components/posts/PostList.js
FN:5,(anonymous_0)
FN:19,(anonymous_1)
FNF:2
FNH:2
FNDA:30,(anonymous_0)
FNDA:571,(anonymous_1)
DA:5,3
DA:6,30
DA:7,9
DA:16,21
DA:20,571
LF:5
LH:5
BRDA:6,0,0,9
BRDA:6,0,1,21
BRDA:21,1,0,571
BRDA:21,1,1,571
BRF:4
BRH:4
end_of_record
TN:
SF:src/main/components/searchBar/SearchBar.js
FN:4,(anonymous_0)
FN:7,(anonymous_1)
FNF:2
FNH:2
FNDA:30,(anonymous_0)
FNDA:9,(anonymous_1)
DA:4,3
DA:5,30
DA:7,30
DA:9,9
DA:10,9
DA:14,30
DA:31,30
LF:7
LH:7
BRF:0
BRH:0
end_of_record
TN:
SF:src/main/pages/Feed.js
FN:9,(anonymous_0)
FN:19,(anonymous_1)
FN:21,(anonymous_2)
FN:26,(anonymous_3)
FN:44,(anonymous_4)
FN:60,(anonymous_5)
FN:99,(anonymous_6)
FN:104,(anonymous_7)
FN:109,(anonymous_8)
FN:115,(anonymous_9)
FN:140,(anonymous_10)
FN:151,(anonymous_11)
FNF:12
FNH:11
FNDA:3251,(anonymous_0)
FNDA:600,(anonymous_1)
FNDA:1830,(anonymous_2)
FNDA:30,(anonymous_3)
FNDA:9,(anonymous_4)
FNDA:20,(anonymous_5)
FNDA:9,(anonymous_6)
FNDA:1,(anonymous_7)
FNDA:1,(anonymous_8)
FNDA:9,(anonymous_9)
FNDA:1,(anonymous_10)
FNDA:0,(anonymous_11)
DA:9,3
DA:10,3251
DA:11,1502
DA:13,1749
DA:14,1749
DA:16,0
DA:19,3
DA:20,600
DA:21,1830
DA:23,600
DA:26,3
DA:27,30
DA:28,30
DA:31,30
DA:34,30
DA:35,30
DA:36,2
DA:37,2
DA:42,30
DA:44,30
DA:47,9
DA:48,9
DA:49,9
DA:50,9
DA:51,9
DA:53,9
DA:60,30
DA:61,20
DA:63,20
DA:68,20
DA:70,20
DA:71,2000
DA:75,800
DA:76,800
DA:77,800
DA:78,800
DA:79,800
DA:80,200
DA:82,600
DA:84,800
DA:89,20
DA:93,20
DA:94,20
DA:95,20
DA:99,30
DA:100,9
DA:104,30
DA:106,1
DA:109,30
DA:111,1
DA:115,30
DA:116,9
DA:121,9
DA:122,9
DA:123,9
DA:124,360
DA:128,90
DA:131,9
DA:136,0
DA:140,30
DA:143,1
DA:144,1
DA:145,1
DA:151,30
DA:152,0
DA:160,0
DA:165,0
DA:168,0
DA:174,30
LF:69
LH:63
BRDA:10,0,0,1502
BRDA:10,0,1,1749
BRDA:13,1,0,1749
BRDA:13,1,1,0
BRDA:35,2,0,2
BRDA:35,2,1,28
BRDA:36,3,0,2
BRDA:36,3,1,0
BRDA:48,4,0,9
BRDA:48,4,1,0
BRDA:71,5,0,800
BRDA:71,5,1,1200
BRDA:72,6,0,2000
BRDA:72,6,1,1800
BRDA:79,7,0,200
BRDA:79,7,1,600
BRDA:121,8,0,9
BRDA:121,8,1,0
BRDA:124,9,0,90
BRDA:124,9,1,270
BRDA:125,10,0,360
BRDA:125,10,1,270
BRF:22
BRH:18
end_of_record
TN:
SF:src/profile/pages/Profile.js
FN:24,(anonymous_0)
FN:40,(anonymous_1)
FN:45,(anonymous_2)
FN:47,(anonymous_3)
FN:50,(anonymous_4)
FN:52,(anonymous_5)
FN:54,(anonymous_6)
FN:61,(anonymous_7)
FN:63,(anonymous_8)
FN:69,(anonymous_9)
FN:71,(anonymous_10)
FN:78,(anonymous_11)
FN:80,(anonymous_12)
FN:86,(anonymous_13)
FN:91,(anonymous_14)
FN:98,(anonymous_15)
FN:100,(anonymous_16)
FN:102,(anonymous_17)
FN:104,(anonymous_18)
FN:111,(anonymous_19)
FN:113,(anonymous_20)
FN:116,(anonymous_21)
FN:118,(anonymous_22)
FN:125,(anonymous_23)
FN:127,(anonymous_24)
FN:133,(anonymous_25)
FN:135,(anonymous_26)
FN:153,(anonymous_27)
FNF:28
FNH:23
FNDA:87,(anonymous_0)
FNDA:3,(anonymous_1)
FNDA:85,(anonymous_2)
FNDA:0,(anonymous_3)
FNDA:0,(anonymous_4)
FNDA:0,(anonymous_5)
FNDA:0,(anonymous_6)
FNDA:7,(anonymous_7)
FNDA:7,(anonymous_8)
FNDA:6,(anonymous_9)
FNDA:1,(anonymous_10)
FNDA:6,(anonymous_11)
FNDA:6,(anonymous_12)
FNDA:6,(anonymous_13)
FNDA:0,(anonymous_14)
FNDA:28,(anonymous_15)
FNDA:28,(anonymous_16)
FNDA:6,(anonymous_17)
FNDA:22,(anonymous_18)
FNDA:26,(anonymous_19)
FNDA:26,(anonymous_20)
FNDA:2,(anonymous_21)
FNDA:24,(anonymous_22)
FNDA:12,(anonymous_23)
FNDA:12,(anonymous_24)
FNDA:2,(anonymous_25)
FNDA:10,(anonymous_26)
FNDA:2,(anonymous_27)
DA:17,3
DA:19,3
DA:20,3
DA:21,3
DA:22,3
DA:24,3
DA:26,87
DA:27,87
DA:35,87
DA:40,87
DA:42,3
DA:45,87
DA:47,87
DA:48,0
DA:49,0
DA:50,0
DA:51,0
DA:52,0
DA:54,0
DA:61,87
DA:62,7
DA:63,7
DA:68,7
DA:69,6
DA:71,1
DA:78,87
DA:79,6
DA:80,6
DA:85,6
DA:86,6
DA:91,0
DA:98,87
DA:99,28
DA:100,28
DA:101,28
DA:102,6
DA:104,22
DA:111,87
DA:112,26
DA:113,26
DA:115,26
DA:116,2
DA:118,24
DA:125,87
DA:126,12
DA:127,12
DA:132,12
DA:133,2
DA:135,10
DA:153,87
DA:154,2
DA:158,2
DA:162,2
DA:166,2
DA:174,2
DA:175,2
DA:176,2
DA:177,2
DA:180,2
DA:181,12
DA:182,12
DA:183,0
DA:187,2
DA:188,1
DA:189,1
DA:193,2
DA:195,1
DA:200,2
DA:206,87
LF:69
LH:61
BRDA:51,0,0,0
BRDA:51,0,1,0
BRDA:68,1,0,6
BRDA:68,1,1,1
BRDA:85,2,0,6
BRDA:85,2,1,0
BRDA:101,3,0,6
BRDA:101,3,1,22
BRDA:115,4,0,2
BRDA:115,4,1,24
BRDA:132,5,0,2
BRDA:132,5,1,10
BRDA:181,6,0,12
BRDA:181,6,1,12
BRDA:182,7,0,0
BRDA:182,7,1,12
BRDA:187,8,0,1
BRDA:187,8,1,1
BRDA:193,9,0,1
BRDA:193,9,1,1
BRDA:212,10,0,3
BRDA:212,10,1,84
BRDA:213,11,0,3
BRDA:213,11,1,84
BRDA:228,12,0,3
BRDA:228,12,1,84
BRDA:244,13,0,3
BRDA:244,13,1,84
BRDA:263,14,0,13
BRDA:263,14,1,74
BRDA:281,15,0,3
BRDA:281,15,1,84
BRDA:299,16,0,3
BRDA:299,16,1,84
BRDA:315,17,0,3
BRDA:315,17,1,84
BRDA:326,18,0,86
BRDA:326,18,1,1
BRF:38
BRH:34
end_of_record
TN:
SF:src/shared/components/UIs/BlackBackground.js
FN:4,(anonymous_0)
FNF:1
FNH:0
FNDA:0,(anonymous_0)
DA:4,2
DA:6,0
DA:12,0
LF:3
LH:1
BRF:0
BRH:0
end_of_record
TN:
SF:src/shared/components/UIs/Button.css
FNF:0
FNH:0
DA:1,4
LF:1
LH:1
BRF:0
BRH:0
end_of_record
TN:
SF:src/shared/components/UIs/Button.js
FN:9,(anonymous_0)
FNF:1
FNH:1
FNDA:2461,(anonymous_0)
DA:9,4
DA:10,2461
DA:18,2461
DA:20,807
DA:22,807
DA:25,717
DA:27,717
DA:29,937
DA:34,2461
DA:35,0
DA:43,2461
LF:11
LH:10
BRDA:18,0,0,807
BRDA:18,0,1,572
BRDA:18,0,2,717
BRDA:18,0,3,937
BRDA:34,1,0,0
BRDA:34,1,1,2461
BRDA:36,2,0,0
BRDA:36,2,1,0
BRF:8
BRH:5
end_of_record
TN:
SF:src/shared/components/UserCard/FollowingCard.js
FN:5,(anonymous_0)
FN:29,(anonymous_1)
FNF:2
FNH:2
FNDA:90,(anonymous_0)
FNDA:1,(anonymous_1)
DA:5,3
DA:6,90
DA:7,90
DA:10,90
DA:30,1
DA:41,90
LF:6
LH:6
BRF:0
BRH:0
end_of_record
TN:
SF:src/shared/components/UserCard/UserCard.js
FN:5,(anonymous_0)
FN:9,(anonymous_1)
FN:12,(anonymous_2)
FNF:3
FNH:1
FNDA:30,(anonymous_0)
FNDA:0,(anonymous_1)
FNDA:0,(anonymous_2)
DA:5,3
DA:6,30
DA:7,30
DA:8,30
DA:9,30
DA:10,0
DA:12,30
DA:13,0
DA:14,0
DA:15,0
DA:16,0
DA:20,30
DA:21,30
DA:24,30
DA:59,30
LF:15
LH:10
BRDA:6,0,0,30
BRDA:6,0,1,0
BRDA:13,1,0,0
BRDA:13,1,1,0
BRF:4
BRH:1
end_of_record
TN:
SF:src/shared/components/UserCard/UserCardForUpdate.js
FN:5,(anonymous_0)
FN:9,(anonymous_1)
FN:12,(anonymous_2)
FN:18,(anonymous_3)
FNF:4
FNH:1
FNDA:87,(anonymous_0)
FNDA:0,(anonymous_1)
FNDA:0,(anonymous_2)
FNDA:0,(anonymous_3)
DA:5,3
DA:6,87
DA:7,87
DA:8,87
DA:9,87
DA:10,0
DA:12,87
DA:13,0
DA:14,0
DA:17,87
DA:18,87
DA:19,0
DA:22,87
DA:23,87
DA:26,87
DA:72,87
LF:16
LH:12
BRDA:6,0,0,0
BRDA:6,0,1,87
BRF:2
BRH:1
end_of_record
TN:
SF:src/shared/components/form/Input.js
FN:26,(anonymous_0)
FN:46,(anonymous_1)
FN:63,(anonymous_2)
FN:67,(anonymous_3)
FN:75,(anonymous_4)
FNF:5
FNH:5
FNDA:90,(anonymous_0)
FNDA:502,(anonymous_1)
FNDA:110,(anonymous_2)
FNDA:80,(anonymous_3)
FNDA:10,(anonymous_4)
DA:21,2
DA:23,2
DA:24,2
DA:26,2
DA:27,90
DA:29,80
DA:36,10
DA:41,0
DA:46,2
DA:47,502
DA:59,502
DA:60,502
DA:63,502
DA:64,110
DA:67,502
DA:68,80
DA:75,502
DA:76,10
DA:82,502
DA:105,502
LF:20
LH:19
BRDA:27,0,0,80
BRDA:27,0,1,10
BRDA:27,0,2,0
BRDA:82,1,0,502
BRDA:82,1,1,0
BRDA:97,2,0,0
BRDA:97,2,1,0
BRDA:112,3,0,502
BRDA:112,3,1,0
BRDA:112,4,0,502
BRDA:112,4,1,221
BRF:11
BRH:6
end_of_record
TN:
SF:src/shared/components/navigations/NavigationBar.js
FN:8,(anonymous_0)
FN:12,(anonymous_1)
FN:16,(anonymous_2)
FNF:3
FNH:1
FNDA:7,(anonymous_0)
FNDA:0,(anonymous_1)
FNDA:0,(anonymous_2)
DA:8,2
DA:9,7
DA:10,7
DA:12,7
DA:13,0
DA:16,7
DA:17,0
DA:20,7
LF:8
LH:6
BRDA:22,0,0,7
BRDA:22,0,1,0
BRDA:23,1,0,7
BRDA:23,1,1,0
BRDA:50,2,0,7
BRDA:50,2,1,2
BRF:6
BRH:4
end_of_record
TN:
SF:src/shared/components/navigations/SideDrawer.js
FN:6,(anonymous_0)
FN:73,(anonymous_1)
FNF:2
FNH:0
FNDA:0,(anonymous_0)
FNDA:0,(anonymous_1)
DA:6,2
DA:7,0
DA:10,0
DA:74,0
DA:87,0
LF:5
LH:1
BRDA:70,0,0,0
BRDA:70,0,1,0
BRF:2
BRH:0
end_of_record
TN:
SF:src/shared/context/app-context.js
FN:8,(anonymous_0)
FN:11,(anonymous_1)
FN:15,(anonymous_2)
FN:19,(anonymous_3)
FNF:4
FNH:0
FNDA:0,(anonymous_0)
FNDA:0,(anonymous_1)
FNDA:0,(anonymous_2)
FNDA:0,(anonymous_3)
DA:3,2
DA:9,0
LF:2
LH:1
BRF:0
BRH:0
end_of_record
TN:
SF:src/shared/hooks/form-state-hook.js
FN:3,(anonymous_0)
FN:40,(anonymous_1)
FN:49,(anonymous_2)
FN:57,(anonymous_3)
FNF:4
FNH:4
FNDA:112,(anonymous_0)
FNDA:107,(anonymous_1)
FNDA:4,(anonymous_2)
FNDA:110,(anonymous_3)
DA:3,2
DA:4,112
DA:6,108
DA:7,108
DA:11,648
DA:12,242
DA:14,406
DA:16,96
DA:18,310
DA:21,108
DA:31,4
DA:36,0
DA:40,2
DA:41,107
DA:49,107
DA:50,4
DA:57,107
DA:58,110
DA:76,107
LF:19
LH:18
BRDA:4,0,0,108
BRDA:4,0,1,4
BRDA:4,0,2,0
BRDA:11,1,0,242
BRDA:11,1,1,406
BRDA:14,2,0,96
BRDA:14,2,1,310
BRDA:16,3,0,96
BRDA:16,3,1,88
BRDA:18,4,0,310
BRDA:18,4,1,198
BRF:11
BRH:10
end_of_record
TN:
SF:src/shared/hooks/http-request-hook.js
FN:3,(anonymous_0)
FN:10,(anonymous_1)
FN:27,(anonymous_2)
FN:46,(anonymous_3)
FN:50,(anonymous_4)
FN:51,(anonymous_5)
FN:52,(anonymous_6)
FNF:7
FNH:6
FNDA:107,(anonymous_0)
FNDA:18,(anonymous_1)
FNDA:6,(anonymous_2)
FNDA:0,(anonymous_3)
FNDA:9,(anonymous_4)
FNDA:9,(anonymous_5)
FNDA:14,(anonymous_6)
DA:3,2
DA:4,107
DA:5,107
DA:7,107
DA:9,107
DA:11,18
DA:12,18
DA:13,18
DA:15,18
DA:16,18
DA:23,4
DA:26,4
DA:27,6
DA:30,4
DA:31,0
DA:34,4
DA:35,4
DA:37,12
DA:38,12
DA:39,12
DA:46,107
DA:47,0
DA:50,107
DA:51,9
DA:52,14
DA:56,107
LF:26
LH:24
BRDA:10,0,0,18
BRDA:10,1,0,18
BRDA:10,2,0,18
BRDA:30,3,0,0
BRDA:30,3,1,4
BRF:5
BRH:4
end_of_record
